#
# There is insufficient memory for the Java Runtime Environment to continue.
# Native memory allocation (mmap) failed to map 165675008 bytes for Failed to commit area from 0x0000000094200000 to 0x000000009e000000 of length 165675008.
# Possible reasons:
#   The system is out of physical RAM or swap space
#   The process is running with CompressedOops enabled, and the Java Heap may be blocking the growth of the native heap
# Possible solutions:
#   Reduce memory load on the system
#   Increase physical memory or swap space
#   Check if swap backing store is full
#   Decrease Java heap size (-Xmx/-Xms)
#   Decrease number of Java threads
#   Decrease Java thread stack sizes (-Xss)
#   Set larger code cache with -XX:ReservedCodeCacheSize=
#   JVM is running with Unscaled Compressed Oops mode in which the Java heap is
#     placed in the first 4GB address space. The Java Heap base address is the
#     maximum limit for the native heap growth. Please use -XX:HeapBaseMinAddress
#     to set the Java Heap base and to place the Java Heap above 4GB virtual address.
# This output file may be truncated or incomplete.
#
#  Out of Memory Error (./src/hotspot/os/windows/os_windows.cpp:3619), pid=15988, tid=11548
#
# JRE version: OpenJDK Runtime Environment (11.0.13) (build 11.0.13+0-b1751.21-8125866)
# Java VM: OpenJDK 64-Bit Server VM (11.0.13+0-b1751.21-8125866, mixed mode, tiered, compressed oops, g1 gc, windows-amd64)
# No core dump will be written. Minidumps are not enabled by default on client versions of Windows
#

---------------  S U M M A R Y ------------

Command Line: --add-opens=java.base/java.util=ALL-UNNAMED --add-opens=java.base/java.lang=ALL-UNNAMED --add-opens=java.base/java.lang.invoke=ALL-UNNAMED --add-opens=java.base/java.util=ALL-UNNAMED --add-opens=java.prefs/java.util.prefs=ALL-UNNAMED --add-opens=java.prefs/java.util.prefs=ALL-UNNAMED --add-opens=java.base/java.nio.charset=ALL-UNNAMED --add-opens=java.base/java.net=ALL-UNNAMED --add-opens=java.base/java.util.concurrent.atomic=ALL-UNNAMED -Xmx2048m -Dfile.encoding=UTF-8 -Duser.country=IN -Duser.language=en -Duser.variant org.gradle.launcher.daemon.bootstrap.GradleDaemon 7.4

Host: Intel(R) Core(TM) i3-7100U CPU @ 2.40GHz, 4 cores, 11G,  Windows 10 , 64 bit Build 19041 (10.0.19041.3393)
Time: Sun Sep 17 02:16:08 2023 India Standard Time elapsed time: 109.231578 seconds (0d 0h 1m 49s)

---------------  T H R E A D  ---------------

Current thread (0x00000146ffbea800):  VMThread "VM Thread" [stack: 0x0000003003500000,0x0000003003600000] [id=11548]

Stack: [0x0000003003500000,0x0000003003600000]
[error occurred during error reporting (printing stack bounds), id 0xc0000005, EXCEPTION_ACCESS_VIOLATION (0xc0000005) at pc=0x00000146eb34112d]

Native frames: (J=compiled Java code, j=interpreted, Vv=VM code, C=native code)
V  [jvm.dll+0x6100fa]
V  [jvm.dll+0x747090]
V  [jvm.dll+0x7486ad]
V  [jvm.dll+0x748ce5]
V  [jvm.dll+0x748c9b]
V  [jvm.dll+0x60f224]
V  [jvm.dll+0x60f9b8]
C  [ntdll.dll+0xa221f]
C  [ntdll.dll+0x514b4]
C  [ntdll.dll+0xa0d2e]
C  0x00000146eb34112d

VM_Operation (0x00000030069f8720): G1CollectForAllocation, mode: safepoint, requested by thread 0x0000014689917000


---------------  P R O C E S S  ---------------

Threads class SMR info:
_java_thread_list=0x0000014685c517c0, length=88, elements={
0x00000146e602d800, 0x00000146ffc00800, 0x00000146ffc04000, 0x00000146ffc0a800,
0x00000146ffc0c000, 0x00000146ffc0e000, 0x000001468284d000, 0x0000014682853000,
0x0000014682857800, 0x00000146829b7800, 0x00000146847a9000, 0x0000014682ac0000,
0x0000014684a3b000, 0x0000014683ed5000, 0x0000014685970800, 0x0000014684a96800,
0x00000146846ab800, 0x000001468422f800, 0x00000146848e2000, 0x0000014682cc9000,
0x0000014682ccd800, 0x0000014682cc8000, 0x0000014682cc9800, 0x0000014682cce800,
0x0000014682ccb000, 0x0000014682ccc000, 0x0000014682cca800, 0x0000014682ccd000,
0x0000014687e7e800, 0x0000014687e7f800, 0x0000014687e83000, 0x0000014687e7d000,
0x0000014687e84800, 0x0000014687e85000, 0x0000014687e81000, 0x0000014687e87800,
0x0000014687e86000, 0x0000014687e83800, 0x0000014687e82000, 0x0000014687e89800,
0x0000014687e8b000, 0x0000014687e88800, 0x0000014687e8a000, 0x0000014687e87000,
0x0000014687e8c000, 0x0000014689913800, 0x0000014689917000, 0x0000014689915000,
0x0000014689916000, 0x0000014689917800, 0x0000014689919800, 0x000001468991a000,
0x0000014689918800, 0x0000014689914800, 0x0000014689920800, 0x000001468991b800,
0x000001468991b000, 0x0000014689921800, 0x0000014689920000, 0x0000014689922000,
0x000001468991e000, 0x000001468991f000, 0x000001468991c800, 0x000001468991d800,
0x0000014689573800, 0x0000014689577800, 0x0000014689574000, 0x0000014689578000,
0x0000014689576000, 0x0000014689575000, 0x0000014689572800, 0x0000014689579000,
0x000001468957a000, 0x000001468957a800, 0x0000014689576800, 0x0000014689581000,
0x000001468957e800, 0x000001468c0e4800, 0x0000014689580800, 0x000001468957b800,
0x00000146850dd800, 0x00000146850e1800, 0x00000146850e4000, 0x00000146850e2000,
0x00000146850e3000, 0x00000146850de000, 0x00000146850e4800, 0x00000146850df000
}

Java Threads: ( => current thread )
  0x00000146e602d800 JavaThread "main" [_thread_blocked, id=8472, stack(0x0000003002f00000,0x0000003003000000)]
  0x00000146ffc00800 JavaThread "Reference Handler" daemon [_thread_blocked, id=5432, stack(0x0000003003600000,0x0000003003700000)]
  0x00000146ffc04000 JavaThread "Finalizer" daemon [_thread_blocked, id=16916, stack(0x0000003003700000,0x0000003003800000)]
  0x00000146ffc0a800 JavaThread "Signal Dispatcher" daemon [_thread_blocked, id=3424, stack(0x0000003003800000,0x0000003003900000)]
  0x00000146ffc0c000 JavaThread "Attach Listener" daemon [_thread_blocked, id=6800, stack(0x0000003003900000,0x0000003003a00000)]
  0x00000146ffc0e000 JavaThread "Service Thread" daemon [_thread_blocked, id=17804, stack(0x0000003003a00000,0x0000003003b00000)]
  0x000001468284d000 JavaThread "C2 CompilerThread0" daemon [_thread_in_native, id=1856, stack(0x0000003003b00000,0x0000003003c00000)]
  0x0000014682853000 JavaThread "C1 CompilerThread0" daemon [_thread_blocked, id=16828, stack(0x0000003003c00000,0x0000003003d00000)]
  0x0000014682857800 JavaThread "Sweeper thread" daemon [_thread_blocked, id=17444, stack(0x0000003003d00000,0x0000003003e00000)]
  0x00000146829b7800 JavaThread "Common-Cleaner" daemon [_thread_blocked, id=17696, stack(0x0000003003e00000,0x0000003003f00000)]
  0x00000146847a9000 JavaThread "Daemon health stats" [_thread_blocked, id=4920, stack(0x0000003004400000,0x0000003004500000)]
  0x0000014682ac0000 JavaThread "Incoming local TCP Connector on port 57324" [_thread_in_native, id=7124, stack(0x0000003004000000,0x0000003004100000)]
  0x0000014684a3b000 JavaThread "Daemon periodic checks" [_thread_blocked, id=7444, stack(0x0000003004500000,0x0000003004600000)]
  0x0000014683ed5000 JavaThread "Daemon" [_thread_blocked, id=12996, stack(0x0000003004600000,0x0000003004700000)]
  0x0000014685970800 JavaThread "Handler for socket connection from /127.0.0.1:57324 to /127.0.0.1:57325" [_thread_in_native, id=14644, stack(0x0000003004700000,0x0000003004800000)]
  0x0000014684a96800 JavaThread "Cancel handler" [_thread_blocked, id=10792, stack(0x0000003004800000,0x0000003004900000)]
  0x00000146846ab800 JavaThread "Daemon worker" [_thread_blocked, id=8196, stack(0x0000003004900000,0x0000003004a00000)]
  0x000001468422f800 JavaThread "Asynchronous log dispatcher for DefaultDaemonConnection: socket connection from /127.0.0.1:57324 to /127.0.0.1:57325" [_thread_blocked, id=5956, stack(0x0000003004a00000,0x0000003004b00000)]
  0x00000146848e2000 JavaThread "Daemon client event forwarder" [_thread_blocked, id=16600, stack(0x0000003004c00000,0x0000003004d00000)]
  0x0000014682cc9000 JavaThread "Cache worker for journal cache (C:\Users\Rohit yadav\.gradle\caches\journal-1)" [_thread_blocked, id=17076, stack(0x0000003004d00000,0x0000003004e00000)]
  0x0000014682ccd800 JavaThread "File lock request listener" [_thread_in_native, id=3020, stack(0x0000003004e00000,0x0000003004f00000)]
  0x0000014682cc8000 JavaThread "Cache worker for file hash cache (C:\Users\Rohit yadav\.gradle\caches\7.4\fileHashes)" [_thread_blocked, id=9112, stack(0x0000003004f00000,0x0000003005000000)]
  0x0000014682cc9800 JavaThread "File watcher server" daemon [_thread_blocked, id=7192, stack(0x0000003005100000,0x0000003005200000)]
  0x0000014682cce800 JavaThread "File watcher consumer" daemon [_thread_blocked, id=12036, stack(0x0000003005200000,0x0000003005300000)]
  0x0000014682ccb000 JavaThread "Cache worker for checksums cache (C:\Users\Rohit yadav\AndroidStudioProjects\toi\.gradle\7.4\checksums)" [_thread_blocked, id=12608, stack(0x0000003005300000,0x0000003005400000)]
  0x0000014682ccc000 JavaThread "Cache worker for cache directory md-rule (C:\Users\Rohit yadav\.gradle\caches\7.4\md-rule)" [_thread_blocked, id=5708, stack(0x0000003005400000,0x0000003005500000)]
  0x0000014682cca800 JavaThread "Cache worker for file hash cache (C:\Users\Rohit yadav\AndroidStudioProjects\toi\.gradle\7.4\fileHashes)" [_thread_blocked, id=6512, stack(0x0000003005500000,0x0000003005600000)]
  0x0000014682ccd000 JavaThread "Cache worker for cache directory md-supplier (C:\Users\Rohit yadav\.gradle\caches\7.4\md-supplier)" [_thread_blocked, id=10572, stack(0x0000003005600000,0x0000003005700000)]
  0x0000014687e7e800 JavaThread "Cache worker for execution history cache (C:\Users\Rohit yadav\.gradle\caches\7.4\executionHistory)" [_thread_blocked, id=10000, stack(0x0000003005700000,0x0000003005800000)]
  0x0000014687e7f800 JavaThread "jar transforms" [_thread_blocked, id=8288, stack(0x0000003005800000,0x0000003005900000)]
  0x0000014687e83000 JavaThread "Cache worker for file content cache (C:\Users\Rohit yadav\.gradle\caches\7.4\fileContent)" [_thread_blocked, id=15424, stack(0x0000003005900000,0x0000003005a00000)]
  0x0000014687e7d000 JavaThread "jar transforms Thread 2" [_thread_blocked, id=8824, stack(0x0000003005a00000,0x0000003005b00000)]
  0x0000014687e84800 JavaThread "Cache worker for dependencies-accessors (C:\Users\Rohit yadav\AndroidStudioProjects\toi\.gradle\7.4\dependencies-accessors)" [_thread_blocked, id=1508, stack(0x0000003005b00000,0x0000003005c00000)]
  0x0000014687e85000 JavaThread "jar transforms Thread 3" [_thread_blocked, id=14260, stack(0x0000003005c00000,0x0000003005d00000)]
  0x0000014687e81000 JavaThread "Cache worker for Build Output Cleanup Cache (C:\Users\Rohit yadav\AndroidStudioProjects\toi\.gradle\buildOutputCleanup)" [_thread_blocked, id=6436, stack(0x0000003005d00000,0x0000003005e00000)]
  0x0000014687e87800 JavaThread "Unconstrained build operations" [_thread_blocked, id=9588, stack(0x0000003005e00000,0x0000003005f00000)]
  0x0000014687e86000 JavaThread "Unconstrained build operations Thread 2" [_thread_blocked, id=14712, stack(0x0000003005f00000,0x0000003006000000)]
  0x0000014687e83800 JavaThread "Unconstrained build operations Thread 3" [_thread_blocked, id=16776, stack(0x0000003006000000,0x0000003006100000)]
  0x0000014687e82000 JavaThread "Unconstrained build operations Thread 4" [_thread_blocked, id=1864, stack(0x0000003006100000,0x0000003006200000)]
  0x0000014687e89800 JavaThread "Unconstrained build operations Thread 5" [_thread_blocked, id=15276, stack(0x0000003006200000,0x0000003006300000)]
  0x0000014687e8b000 JavaThread "Unconstrained build operations Thread 6" [_thread_blocked, id=13004, stack(0x0000003006300000,0x0000003006400000)]
  0x0000014687e88800 JavaThread "Unconstrained build operations Thread 7" [_thread_blocked, id=10932, stack(0x0000003006400000,0x0000003006500000)]
  0x0000014687e8a000 JavaThread "Unconstrained build operations Thread 8" [_thread_blocked, id=9188, stack(0x0000003006500000,0x0000003006600000)]
  0x0000014687e87000 JavaThread "Unconstrained build operations Thread 9" [_thread_blocked, id=15964, stack(0x0000003006600000,0x0000003006700000)]
  0x0000014687e8c000 JavaThread "Unconstrained build operations Thread 10" [_thread_blocked, id=9076, stack(0x0000003006700000,0x0000003006800000)]
  0x0000014689913800 JavaThread "Unconstrained build operations Thread 11" [_thread_blocked, id=13736, stack(0x0000003006800000,0x0000003006900000)]
  0x0000014689917000 JavaThread "Unconstrained build operations Thread 12" [_thread_blocked, id=17832, stack(0x0000003006900000,0x0000003006a00000)]
  0x0000014689915000 JavaThread "Unconstrained build operations Thread 13" [_thread_blocked, id=15344, stack(0x0000003006a00000,0x0000003006b00000)]
  0x0000014689916000 JavaThread "Unconstrained build operations Thread 14" [_thread_blocked, id=6180, stack(0x0000003006b00000,0x0000003006c00000)]
  0x0000014689917800 JavaThread "Unconstrained build operations Thread 15" [_thread_blocked, id=5784, stack(0x0000003006c00000,0x0000003006d00000)]
  0x0000014689919800 JavaThread "Unconstrained build operations Thread 16" [_thread_blocked, id=10280, stack(0x0000003006d00000,0x0000003006e00000)]
  0x000001468991a000 JavaThread "Unconstrained build operations Thread 17" [_thread_blocked, id=9500, stack(0x0000003006e00000,0x0000003006f00000)]
  0x0000014689918800 JavaThread "Unconstrained build operations Thread 18" [_thread_blocked, id=4776, stack(0x0000003006f00000,0x0000003007000000)]
  0x0000014689914800 JavaThread "Unconstrained build operations Thread 19" [_thread_blocked, id=1520, stack(0x0000003007000000,0x0000003007100000)]
  0x0000014689920800 JavaThread "Unconstrained build operations Thread 20" [_thread_blocked, id=15588, stack(0x0000003007100000,0x0000003007200000)]
  0x000001468991b800 JavaThread "Unconstrained build operations Thread 21" [_thread_blocked, id=11340, stack(0x0000003007200000,0x0000003007300000)]
  0x000001468991b000 JavaThread "Unconstrained build operations Thread 22" [_thread_blocked, id=13284, stack(0x0000003007300000,0x0000003007400000)]
  0x0000014689921800 JavaThread "Unconstrained build operations Thread 23" [_thread_blocked, id=11500, stack(0x0000003007400000,0x0000003007500000)]
  0x0000014689920000 JavaThread "Unconstrained build operations Thread 24" [_thread_blocked, id=18376, stack(0x0000003007500000,0x0000003007600000)]
  0x0000014689922000 JavaThread "Unconstrained build operations Thread 25" [_thread_blocked, id=15704, stack(0x0000003007600000,0x0000003007700000)]
  0x000001468991e000 JavaThread "Unconstrained build operations Thread 26" [_thread_blocked, id=17000, stack(0x0000003007700000,0x0000003007800000)]
  0x000001468991f000 JavaThread "Unconstrained build operations Thread 27" [_thread_blocked, id=4416, stack(0x0000003007800000,0x0000003007900000)]
  0x000001468991c800 JavaThread "Unconstrained build operations Thread 28" [_thread_blocked, id=13300, stack(0x0000003007900000,0x0000003007a00000)]
  0x000001468991d800 JavaThread "Unconstrained build operations Thread 29" [_thread_blocked, id=13480, stack(0x0000003007a00000,0x0000003007b00000)]
  0x0000014689573800 JavaThread "Unconstrained build operations Thread 30" [_thread_blocked, id=15948, stack(0x0000003007b00000,0x0000003007c00000)]
  0x0000014689577800 JavaThread "Unconstrained build operations Thread 31" [_thread_blocked, id=10016, stack(0x0000003007c00000,0x0000003007d00000)]
  0x0000014689574000 JavaThread "Unconstrained build operations Thread 32" [_thread_blocked, id=12396, stack(0x0000003007d00000,0x0000003007e00000)]
  0x0000014689578000 JavaThread "Unconstrained build operations Thread 33" [_thread_blocked, id=12048, stack(0x0000003007e00000,0x0000003007f00000)]
  0x0000014689576000 JavaThread "Unconstrained build operations Thread 34" [_thread_blocked, id=3528, stack(0x0000003007f00000,0x0000003008000000)]
  0x0000014689575000 JavaThread "Unconstrained build operations Thread 35" [_thread_blocked, id=15456, stack(0x0000003008000000,0x0000003008100000)]
  0x0000014689572800 JavaThread "Unconstrained build operations Thread 36" [_thread_blocked, id=11008, stack(0x0000003008100000,0x0000003008200000)]
  0x0000014689579000 JavaThread "Unconstrained build operations Thread 37" [_thread_blocked, id=8496, stack(0x0000003008200000,0x0000003008300000)]
  0x000001468957a000 JavaThread "Unconstrained build operations Thread 38" [_thread_blocked, id=12788, stack(0x0000003008300000,0x0000003008400000)]
  0x000001468957a800 JavaThread "Unconstrained build operations Thread 39" [_thread_blocked, id=6968, stack(0x0000003008400000,0x0000003008500000)]
  0x0000014689576800 JavaThread "Unconstrained build operations Thread 40" [_thread_blocked, id=12988, stack(0x0000003008500000,0x0000003008600000)]
  0x0000014689581000 JavaThread "jar transforms Thread 4" [_thread_blocked, id=10040, stack(0x0000003008600000,0x0000003008700000)]
  0x000001468957e800 JavaThread "Memory manager" [_thread_blocked, id=14304, stack(0x0000003008700000,0x0000003008800000)]
  0x000001468c0e4800 JavaThread "C2 CompilerThread1" daemon [_thread_blocked, id=3972, stack(0x0000003002c00000,0x0000003002d00000)]
  0x0000014689580800 JavaThread "build event listener" [_thread_blocked, id=9420, stack(0x0000003002d00000,0x0000003002e00000)]
  0x000001468957b800 JavaThread "included builds" [_thread_blocked, id=3340, stack(0x0000003002e00000,0x0000003002f00000)]
  0x00000146850dd800 JavaThread "Execution worker for ':'" [_thread_blocked, id=3848, stack(0x0000003004b00000,0x0000003004c00000)]
  0x00000146850e1800 JavaThread "Execution worker for ':' Thread 2" [_thread_blocked, id=10768, stack(0x0000003005000000,0x0000003005100000)]
  0x00000146850e4000 JavaThread "Execution worker for ':' Thread 3" [_thread_blocked, id=2584, stack(0x0000003008a00000,0x0000003008b00000)]
  0x00000146850e2000 JavaThread "Cache worker for execution history cache (C:\Users\Rohit yadav\AndroidStudioProjects\toi\.gradle\7.4\executionHistory)" [_thread_blocked, id=216, stack(0x0000003008b00000,0x0000003008c00000)]
  0x00000146850e3000 JavaThread "WorkerExecutor Queue" [_thread_blocked, id=17600, stack(0x0000003008c00000,0x0000003008d00000)]
  0x00000146850de000 JavaThread "WorkerExecutor Queue Thread 2" [_thread_blocked, id=14280, stack(0x0000003008d00000,0x0000003008e00000)]
  0x00000146850e4800 JavaThread "WorkerExecutor Queue Thread 3" [_thread_blocked, id=12536, stack(0x0000003008e00000,0x0000003008f00000)]
  0x00000146850df000 JavaThread "WorkerExecutor Queue Thread 4" [_thread_blocked, id=5880, stack(0x0000003009100000,0x0000003009200000)]

Other Threads:
=>0x00000146ffbea800 VMThread "VM Thread" [stack: 0x0000003003500000,0x0000003003600000] [id=11548]
  0x00000146829d0800 WatcherThread [stack: 0x0000003003f00000,0x0000003004000000] [id=12372]
  0x00000146e6044800 GCTaskThread "GC Thread#0" [stack: 0x0000003003000000,0x0000003003100000] [id=12820]
  0x0000014682cac800 GCTaskThread "GC Thread#1" [stack: 0x0000003004100000,0x0000003004200000] [id=7816]
  0x000001468302c000 GCTaskThread "GC Thread#2" [stack: 0x0000003004200000,0x0000003004300000] [id=10852]
  0x0000014682c7f800 GCTaskThread "GC Thread#3" [stack: 0x0000003004300000,0x0000003004400000] [id=6552]
  0x00000146e6078000 ConcurrentGCThread "G1 Main Marker" [stack: 0x0000003003100000,0x0000003003200000] [id=15816]
  0x00000146e6079000 ConcurrentGCThread "G1 Conc#0" [stack: 0x0000003003200000,0x0000003003300000] [id=13548]
  0x00000146ffa3e800 ConcurrentGCThread "G1 Refine#0" [stack: 0x0000003003300000,0x0000003003400000] [id=7272]
  0x0000014687d5c000 ConcurrentGCThread "G1 Refine#1" [stack: 0x0000003008f00000,0x0000003009000000] [id=13628]
  0x0000014687d5f000 ConcurrentGCThread "G1 Refine#2" [stack: 0x0000003009000000,0x0000003009100000] [id=8532]
  0x00000146e610e800 ConcurrentGCThread "G1 Young RemSet Sampling" [stack: 0x0000003003400000,0x0000003003500000] [id=4636]

Threads with active compile tasks:
C2 CompilerThread0 109300 21835       4       com.android.tools.r8.internal.GM::a (447 bytes)
C2 CompilerThread1 109300 21755       4       com.android.tools.r8.ir.regalloc.c::compareTo (134 bytes)

VM state:at safepoint (normal execution)

VM Mutex/Monitor currently owned by a thread:  ([mutex/lock_event])
[0x00000146e60285f0] Threads_lock - owner thread: 0x00000146ffbea800
[0x00000146e60288c0] Heap_lock - owner thread: 0x0000014689917000

Heap address: 0x0000000080000000, size: 2048 MB, Compressed Oops mode: 32-bit
Narrow klass base: 0x0000000000000000, Narrow klass shift: 3
Compressed class space size: 1073741824 Address: 0x0000000100000000

Heap:
 garbage-first heap   total 491520K, used 175242K [0x0000000080000000, 0x0000000100000000)
  region size 1024K, 6 young (6144K), 6 survivors (6144K)
 Metaspace       used 127142K, capacity 130179K, committed 130256K, reserved 1163264K
  class space    used 15701K, capacity 16865K, committed 16928K, reserved 1048576K
Heap Regions: E=young(eden), S=young(survivor), O=old, HS=humongous(starts), HC=humongous(continues), CS=collection set, F=free, A=archive, TAMS=top-at-mark-start (previous, next)
|   0|0x0000000080000000, 0x0000000080100000, 0x0000000080100000|100%|HS|  |TAMS 0x0000000080100000, 0x0000000080100000| Complete 
|   1|0x0000000080100000, 0x0000000080200000, 0x0000000080200000|100%|HC|  |TAMS 0x0000000080200000, 0x0000000080200000| Complete 
|   2|0x0000000080200000, 0x0000000080300000, 0x0000000080300000|100%|HC|  |TAMS 0x0000000080300000, 0x0000000080300000| Complete 
|   3|0x0000000080300000, 0x0000000080400000, 0x0000000080400000|100%| O|  |TAMS 0x0000000080400000, 0x0000000080400000| Untracked 
|   4|0x0000000080400000, 0x0000000080500000, 0x0000000080500000|100%| O|  |TAMS 0x0000000080500000, 0x0000000080500000| Untracked 
|   5|0x0000000080500000, 0x0000000080600000, 0x0000000080600000|100%| O|  |TAMS 0x0000000080600000, 0x0000000080600000| Untracked 
|   6|0x0000000080600000, 0x0000000080700000, 0x0000000080700000|100%| O|  |TAMS 0x0000000080700000, 0x0000000080700000| Untracked 
|   7|0x0000000080700000, 0x0000000080800000, 0x0000000080800000|100%| O|  |TAMS 0x0000000080800000, 0x0000000080800000| Untracked 
|   8|0x0000000080800000, 0x0000000080900000, 0x0000000080900000|100%| O|  |TAMS 0x0000000080900000, 0x0000000080900000| Untracked 
|   9|0x0000000080900000, 0x0000000080a00000, 0x0000000080a00000|100%| O|  |TAMS 0x0000000080a00000, 0x0000000080a00000| Untracked 
|  10|0x0000000080a00000, 0x0000000080b00000, 0x0000000080b00000|100%| O|  |TAMS 0x0000000080b00000, 0x0000000080b00000| Untracked 
|  11|0x0000000080b00000, 0x0000000080c00000, 0x0000000080c00000|100%| O|  |TAMS 0x0000000080c00000, 0x0000000080c00000| Untracked 
|  12|0x0000000080c00000, 0x0000000080d00000, 0x0000000080d00000|100%| O|  |TAMS 0x0000000080d00000, 0x0000000080d00000| Untracked 
|  13|0x0000000080d00000, 0x0000000080e00000, 0x0000000080e00000|100%| O|  |TAMS 0x0000000080e00000, 0x0000000080e00000| Untracked 
|  14|0x0000000080e00000, 0x0000000080f00000, 0x0000000080f00000|100%| O|  |TAMS 0x0000000080f00000, 0x0000000080f00000| Untracked 
|  15|0x0000000080f00000, 0x0000000081000000, 0x0000000081000000|100%| O|  |TAMS 0x0000000081000000, 0x0000000081000000| Untracked 
|  16|0x0000000081000000, 0x0000000081100000, 0x0000000081100000|100%|HS|  |TAMS 0x0000000081100000, 0x0000000081100000| Complete 
|  17|0x0000000081100000, 0x0000000081200000, 0x0000000081200000|100%| O|  |TAMS 0x0000000081200000, 0x0000000081200000| Untracked 
|  18|0x0000000081200000, 0x0000000081300000, 0x0000000081300000|100%| O|  |TAMS 0x0000000081300000, 0x0000000081300000| Untracked 
|  19|0x0000000081300000, 0x0000000081400000, 0x0000000081400000|100%| O|  |TAMS 0x0000000081400000, 0x0000000081400000| Untracked 
|  20|0x0000000081400000, 0x0000000081500000, 0x0000000081500000|100%|HS|  |TAMS 0x0000000081500000, 0x0000000081500000| Complete 
|  21|0x0000000081500000, 0x0000000081600000, 0x0000000081600000|100%| O|  |TAMS 0x0000000081600000, 0x0000000081600000| Untracked 
|  22|0x0000000081600000, 0x0000000081700000, 0x0000000081700000|100%|HS|  |TAMS 0x0000000081700000, 0x0000000081700000| Complete 
|  23|0x0000000081700000, 0x0000000081800000, 0x0000000081800000|100%|HC|  |TAMS 0x0000000081800000, 0x0000000081800000| Complete 
|  24|0x0000000081800000, 0x0000000081900000, 0x0000000081900000|100%| O|  |TAMS 0x0000000081900000, 0x0000000081900000| Untracked 
|  25|0x0000000081900000, 0x0000000081a00000, 0x0000000081a00000|100%| O|  |TAMS 0x0000000081a00000, 0x0000000081a00000| Untracked 
|  26|0x0000000081a00000, 0x0000000081b00000, 0x0000000081b00000|100%| O|  |TAMS 0x0000000081b00000, 0x0000000081b00000| Untracked 
|  27|0x0000000081b00000, 0x0000000081c00000, 0x0000000081c00000|100%| O|  |TAMS 0x0000000081c00000, 0x0000000081c00000| Untracked 
|  28|0x0000000081c00000, 0x0000000081d00000, 0x0000000081d00000|100%| O|  |TAMS 0x0000000081d00000, 0x0000000081d00000| Untracked 
|  29|0x0000000081d00000, 0x0000000081e00000, 0x0000000081e00000|100%| O|  |TAMS 0x0000000081e00000, 0x0000000081e00000| Untracked 
|  30|0x0000000081e00000, 0x0000000081f00000, 0x0000000081f00000|100%| O|  |TAMS 0x0000000081f00000, 0x0000000081f00000| Untracked 
|  31|0x0000000081f00000, 0x0000000082000000, 0x0000000082000000|100%| O|  |TAMS 0x0000000082000000, 0x0000000082000000| Untracked 
|  32|0x0000000082000000, 0x0000000082100000, 0x0000000082100000|100%| O|  |TAMS 0x0000000082100000, 0x0000000082100000| Untracked 
|  33|0x0000000082100000, 0x0000000082200000, 0x0000000082200000|100%| O|  |TAMS 0x0000000082200000, 0x0000000082200000| Untracked 
|  34|0x0000000082200000, 0x0000000082300000, 0x0000000082300000|100%| O|  |TAMS 0x0000000082300000, 0x0000000082300000| Untracked 
|  35|0x0000000082300000, 0x0000000082400000, 0x0000000082400000|100%| O|  |TAMS 0x0000000082400000, 0x0000000082400000| Untracked 
|  36|0x0000000082400000, 0x0000000082500000, 0x0000000082500000|100%| O|  |TAMS 0x0000000082500000, 0x0000000082500000| Untracked 
|  37|0x0000000082500000, 0x0000000082600000, 0x0000000082600000|100%| O|  |TAMS 0x0000000082600000, 0x0000000082600000| Untracked 
|  38|0x0000000082600000, 0x0000000082700000, 0x0000000082700000|100%| O|  |TAMS 0x0000000082700000, 0x0000000082700000| Untracked 
|  39|0x0000000082700000, 0x0000000082800000, 0x0000000082800000|100%| O|  |TAMS 0x0000000082800000, 0x0000000082800000| Untracked 
|  40|0x0000000082800000, 0x0000000082900000, 0x0000000082900000|100%| O|  |TAMS 0x0000000082900000, 0x0000000082900000| Untracked 
|  41|0x0000000082900000, 0x0000000082a00000, 0x0000000082a00000|100%| O|  |TAMS 0x0000000082a00000, 0x0000000082a00000| Untracked 
|  42|0x0000000082a00000, 0x0000000082b00000, 0x0000000082b00000|100%| O|  |TAMS 0x0000000082b00000, 0x0000000082b00000| Untracked 
|  43|0x0000000082b00000, 0x0000000082c00000, 0x0000000082c00000|100%| O|  |TAMS 0x0000000082c00000, 0x0000000082c00000| Untracked 
|  44|0x0000000082c00000, 0x0000000082d00000, 0x0000000082d00000|100%| O|  |TAMS 0x0000000082d00000, 0x0000000082d00000| Untracked 
|  45|0x0000000082d00000, 0x0000000082e00000, 0x0000000082e00000|100%| O|  |TAMS 0x0000000082e00000, 0x0000000082e00000| Untracked 
|  46|0x0000000082e00000, 0x0000000082f00000, 0x0000000082f00000|100%| O|  |TAMS 0x0000000082f00000, 0x0000000082f00000| Untracked 
|  47|0x0000000082f00000, 0x0000000083000000, 0x0000000083000000|100%| O|  |TAMS 0x0000000083000000, 0x0000000083000000| Untracked 
|  48|0x0000000083000000, 0x0000000083100000, 0x0000000083100000|100%| O|  |TAMS 0x0000000083100000, 0x0000000083100000| Untracked 
|  49|0x0000000083100000, 0x0000000083200000, 0x0000000083200000|100%| O|  |TAMS 0x0000000083200000, 0x0000000083200000| Untracked 
|  50|0x0000000083200000, 0x0000000083300000, 0x0000000083300000|100%| O|  |TAMS 0x0000000083300000, 0x0000000083300000| Untracked 
|  51|0x0000000083300000, 0x0000000083400000, 0x0000000083400000|100%| O|  |TAMS 0x0000000083400000, 0x0000000083400000| Untracked 
|  52|0x0000000083400000, 0x0000000083500000, 0x0000000083500000|100%| O|  |TAMS 0x0000000083500000, 0x0000000083500000| Untracked 
|  53|0x0000000083500000, 0x0000000083600000, 0x0000000083600000|100%| O|  |TAMS 0x0000000083600000, 0x0000000083600000| Untracked 
|  54|0x0000000083600000, 0x0000000083700000, 0x0000000083700000|100%| O|  |TAMS 0x0000000083700000, 0x0000000083700000| Untracked 
|  55|0x0000000083700000, 0x0000000083800000, 0x0000000083800000|100%| O|  |TAMS 0x0000000083800000, 0x0000000083800000| Untracked 
|  56|0x0000000083800000, 0x0000000083900000, 0x0000000083900000|100%| O|  |TAMS 0x0000000083900000, 0x0000000083900000| Untracked 
|  57|0x0000000083900000, 0x0000000083a00000, 0x0000000083a00000|100%| O|  |TAMS 0x0000000083a00000, 0x0000000083a00000| Untracked 
|  58|0x0000000083a00000, 0x0000000083b00000, 0x0000000083b00000|100%| O|  |TAMS 0x0000000083b00000, 0x0000000083b00000| Untracked 
|  59|0x0000000083b00000, 0x0000000083c00000, 0x0000000083c00000|100%| O|  |TAMS 0x0000000083c00000, 0x0000000083c00000| Untracked 
|  60|0x0000000083c00000, 0x0000000083d00000, 0x0000000083d00000|100%| O|  |TAMS 0x0000000083d00000, 0x0000000083d00000| Untracked 
|  61|0x0000000083d00000, 0x0000000083e00000, 0x0000000083e00000|100%| O|  |TAMS 0x0000000083e00000, 0x0000000083e00000| Untracked 
|  62|0x0000000083e00000, 0x0000000083f00000, 0x0000000083f00000|100%| O|  |TAMS 0x0000000083f00000, 0x0000000083f00000| Untracked 
|  63|0x0000000083f00000, 0x0000000084000000, 0x0000000084000000|100%| O|  |TAMS 0x0000000084000000, 0x0000000084000000| Untracked 
|  64|0x0000000084000000, 0x0000000084100000, 0x0000000084100000|100%| O|  |TAMS 0x0000000084100000, 0x0000000084100000| Untracked 
|  65|0x0000000084100000, 0x0000000084200000, 0x0000000084200000|100%| O|  |TAMS 0x0000000084200000, 0x0000000084200000| Untracked 
|  66|0x0000000084200000, 0x0000000084300000, 0x0000000084300000|100%| O|  |TAMS 0x0000000084300000, 0x0000000084300000| Untracked 
|  67|0x0000000084300000, 0x0000000084400000, 0x0000000084400000|100%| O|  |TAMS 0x0000000084400000, 0x0000000084400000| Untracked 
|  68|0x0000000084400000, 0x0000000084500000, 0x0000000084500000|100%| O|  |TAMS 0x0000000084500000, 0x0000000084500000| Untracked 
|  69|0x0000000084500000, 0x0000000084600000, 0x0000000084600000|100%| O|  |TAMS 0x0000000084600000, 0x0000000084600000| Untracked 
|  70|0x0000000084600000, 0x0000000084700000, 0x0000000084700000|100%| O|  |TAMS 0x0000000084700000, 0x0000000084700000| Untracked 
|  71|0x0000000084700000, 0x0000000084800000, 0x0000000084800000|100%| O|  |TAMS 0x0000000084800000, 0x0000000084800000| Untracked 
|  72|0x0000000084800000, 0x0000000084900000, 0x0000000084900000|100%| O|  |TAMS 0x0000000084900000, 0x0000000084900000| Untracked 
|  73|0x0000000084900000, 0x0000000084a00000, 0x0000000084a00000|100%| O|  |TAMS 0x0000000084a00000, 0x0000000084a00000| Untracked 
|  74|0x0000000084a00000, 0x0000000084b00000, 0x0000000084b00000|100%| O|  |TAMS 0x0000000084b00000, 0x0000000084b00000| Untracked 
|  75|0x0000000084b00000, 0x0000000084c00000, 0x0000000084c00000|100%| O|  |TAMS 0x0000000084c00000, 0x0000000084c00000| Untracked 
|  76|0x0000000084c00000, 0x0000000084d00000, 0x0000000084d00000|100%| O|  |TAMS 0x0000000084d00000, 0x0000000084d00000| Untracked 
|  77|0x0000000084d00000, 0x0000000084e00000, 0x0000000084e00000|100%| O|  |TAMS 0x0000000084e00000, 0x0000000084e00000| Untracked 
|  78|0x0000000084e00000, 0x0000000084f00000, 0x0000000084f00000|100%| O|  |TAMS 0x0000000084f00000, 0x0000000084f00000| Untracked 
|  79|0x0000000084f00000, 0x0000000085000000, 0x0000000085000000|100%| O|  |TAMS 0x0000000085000000, 0x0000000085000000| Untracked 
|  80|0x0000000085000000, 0x0000000085100000, 0x0000000085100000|100%| O|  |TAMS 0x0000000085100000, 0x0000000085100000| Untracked 
|  81|0x0000000085100000, 0x0000000085200000, 0x0000000085200000|100%| O|  |TAMS 0x0000000085200000, 0x0000000085200000| Untracked 
|  82|0x0000000085200000, 0x0000000085300000, 0x0000000085300000|100%| O|  |TAMS 0x0000000085300000, 0x0000000085300000| Untracked 
|  83|0x0000000085300000, 0x0000000085400000, 0x0000000085400000|100%| O|  |TAMS 0x0000000085400000, 0x0000000085400000| Untracked 
|  84|0x0000000085400000, 0x0000000085500000, 0x0000000085500000|100%|HS|  |TAMS 0x0000000085500000, 0x0000000085500000| Complete 
|  85|0x0000000085500000, 0x0000000085600000, 0x0000000085600000|100%|HC|  |TAMS 0x0000000085600000, 0x0000000085600000| Complete 
|  86|0x0000000085600000, 0x0000000085700000, 0x0000000085700000|100%| O|  |TAMS 0x0000000085700000, 0x0000000085700000| Untracked 
|  87|0x0000000085700000, 0x0000000085800000, 0x0000000085800000|100%| O|  |TAMS 0x0000000085800000, 0x0000000085800000| Untracked 
|  88|0x0000000085800000, 0x0000000085900000, 0x0000000085900000|100%| O|  |TAMS 0x0000000085900000, 0x0000000085900000| Untracked 
|  89|0x0000000085900000, 0x0000000085a00000, 0x0000000085a00000|100%| O|  |TAMS 0x0000000085a00000, 0x0000000085a00000| Untracked 
|  90|0x0000000085a00000, 0x0000000085b00000, 0x0000000085b00000|100%| O|  |TAMS 0x0000000085b00000, 0x0000000085b00000| Untracked 
|  91|0x0000000085b00000, 0x0000000085c00000, 0x0000000085c00000|100%| O|  |TAMS 0x0000000085c00000, 0x0000000085c00000| Untracked 
|  92|0x0000000085c00000, 0x0000000085d00000, 0x0000000085d00000|100%| O|  |TAMS 0x0000000085d00000, 0x0000000085d00000| Untracked 
|  93|0x0000000085d00000, 0x0000000085e00000, 0x0000000085e00000|100%| O|  |TAMS 0x0000000085e00000, 0x0000000085e00000| Untracked 
|  94|0x0000000085e00000, 0x0000000085f00000, 0x0000000085f00000|100%| O|  |TAMS 0x0000000085f00000, 0x0000000085f00000| Untracked 
|  95|0x0000000085f00000, 0x0000000086000000, 0x0000000086000000|100%| O|  |TAMS 0x0000000086000000, 0x0000000086000000| Untracked 
|  96|0x0000000086000000, 0x0000000086100000, 0x0000000086100000|100%| O|  |TAMS 0x0000000086100000, 0x0000000086100000| Untracked 
|  97|0x0000000086100000, 0x0000000086200000, 0x0000000086200000|100%| O|  |TAMS 0x0000000086200000, 0x0000000086200000| Untracked 
|  98|0x0000000086200000, 0x0000000086300000, 0x0000000086300000|100%| O|  |TAMS 0x0000000086300000, 0x0000000086300000| Untracked 
|  99|0x0000000086300000, 0x0000000086400000, 0x0000000086400000|100%| O|  |TAMS 0x0000000086400000, 0x0000000086400000| Untracked 
| 100|0x0000000086400000, 0x0000000086500000, 0x0000000086500000|100%| O|  |TAMS 0x0000000086500000, 0x0000000086500000| Untracked 
| 101|0x0000000086500000, 0x0000000086600000, 0x0000000086600000|100%| O|  |TAMS 0x0000000086600000, 0x0000000086600000| Untracked 
| 102|0x0000000086600000, 0x0000000086700000, 0x0000000086700000|100%| O|  |TAMS 0x0000000086700000, 0x0000000086700000| Untracked 
| 103|0x0000000086700000, 0x0000000086800000, 0x0000000086800000|100%| O|  |TAMS 0x0000000086800000, 0x0000000086800000| Untracked 
| 104|0x0000000086800000, 0x0000000086900000, 0x0000000086900000|100%| O|  |TAMS 0x0000000086900000, 0x0000000086900000| Untracked 
| 105|0x0000000086900000, 0x0000000086a00000, 0x0000000086a00000|100%| O|  |TAMS 0x0000000086a00000, 0x0000000086a00000| Untracked 
| 106|0x0000000086a00000, 0x0000000086b00000, 0x0000000086b00000|100%| O|  |TAMS 0x0000000086b00000, 0x0000000086b00000| Untracked 
| 107|0x0000000086b00000, 0x0000000086c00000, 0x0000000086c00000|100%| O|  |TAMS 0x0000000086c00000, 0x0000000086c00000| Untracked 
| 108|0x0000000086c00000, 0x0000000086d00000, 0x0000000086d00000|100%| O|  |TAMS 0x0000000086d00000, 0x0000000086d00000| Untracked 
| 109|0x0000000086d00000, 0x0000000086e00000, 0x0000000086e00000|100%| O|  |TAMS 0x0000000086e00000, 0x0000000086e00000| Untracked 
| 110|0x0000000086e00000, 0x0000000086f00000, 0x0000000086f00000|100%| O|  |TAMS 0x0000000086f00000, 0x0000000086f00000| Untracked 
| 111|0x0000000086f00000, 0x0000000087000000, 0x0000000087000000|100%| O|  |TAMS 0x0000000087000000, 0x0000000087000000| Untracked 
| 112|0x0000000087000000, 0x0000000087100000, 0x0000000087100000|100%| O|  |TAMS 0x0000000087100000, 0x0000000087100000| Untracked 
| 113|0x0000000087100000, 0x0000000087200000, 0x0000000087200000|100%| O|  |TAMS 0x0000000087200000, 0x0000000087200000| Untracked 
| 114|0x0000000087200000, 0x0000000087300000, 0x0000000087300000|100%| O|  |TAMS 0x0000000087300000, 0x0000000087300000| Untracked 
| 115|0x0000000087300000, 0x0000000087400000, 0x0000000087400000|100%| O|  |TAMS 0x0000000087400000, 0x0000000087400000| Untracked 
| 116|0x0000000087400000, 0x0000000087500000, 0x0000000087500000|100%| O|  |TAMS 0x0000000087500000, 0x0000000087500000| Untracked 
| 117|0x0000000087500000, 0x0000000087600000, 0x0000000087600000|100%| O|  |TAMS 0x0000000087600000, 0x0000000087600000| Untracked 
| 118|0x0000000087600000, 0x0000000087700000, 0x0000000087700000|100%| O|  |TAMS 0x0000000087700000, 0x0000000087700000| Untracked 
| 119|0x0000000087700000, 0x0000000087800000, 0x0000000087800000|100%| O|  |TAMS 0x0000000087800000, 0x0000000087800000| Untracked 
| 120|0x0000000087800000, 0x0000000087900000, 0x0000000087900000|100%| O|  |TAMS 0x0000000087900000, 0x0000000087900000| Untracked 
| 121|0x0000000087900000, 0x0000000087a00000, 0x0000000087a00000|100%| O|  |TAMS 0x0000000087a00000, 0x0000000087a00000| Untracked 
| 122|0x0000000087a00000, 0x0000000087b00000, 0x0000000087b00000|100%| O|  |TAMS 0x0000000087b00000, 0x0000000087b00000| Untracked 
| 123|0x0000000087b00000, 0x0000000087c00000, 0x0000000087c00000|100%| O|  |TAMS 0x0000000087c00000, 0x0000000087c00000| Untracked 
| 124|0x0000000087c00000, 0x0000000087d00000, 0x0000000087d00000|100%| O|  |TAMS 0x0000000087d00000, 0x0000000087d00000| Untracked 
| 125|0x0000000087d00000, 0x0000000087e00000, 0x0000000087e00000|100%| O|  |TAMS 0x0000000087e00000, 0x0000000087e00000| Untracked 
| 126|0x0000000087e00000, 0x0000000087f00000, 0x0000000087f00000|100%| O|  |TAMS 0x0000000087f00000, 0x0000000087f00000| Untracked 
| 127|0x0000000087f00000, 0x0000000088000000, 0x0000000088000000|100%| O|  |TAMS 0x0000000088000000, 0x0000000088000000| Untracked 
| 128|0x0000000088000000, 0x0000000088100000, 0x0000000088100000|100%| O|  |TAMS 0x0000000088100000, 0x0000000088100000| Untracked 
| 129|0x0000000088100000, 0x0000000088200000, 0x0000000088200000|100%| O|  |TAMS 0x0000000088200000, 0x0000000088200000| Untracked 
| 130|0x0000000088200000, 0x0000000088300000, 0x0000000088300000|100%| O|  |TAMS 0x0000000088300000, 0x0000000088300000| Untracked 
| 131|0x0000000088300000, 0x0000000088400000, 0x0000000088400000|100%| O|  |TAMS 0x0000000088400000, 0x0000000088400000| Untracked 
| 132|0x0000000088400000, 0x0000000088500000, 0x0000000088500000|100%| O|  |TAMS 0x0000000088500000, 0x0000000088500000| Untracked 
| 133|0x0000000088500000, 0x0000000088600000, 0x0000000088600000|100%| O|  |TAMS 0x0000000088600000, 0x0000000088600000| Untracked 
| 134|0x0000000088600000, 0x0000000088700000, 0x0000000088700000|100%| O|  |TAMS 0x0000000088700000, 0x0000000088700000| Untracked 
| 135|0x0000000088700000, 0x0000000088800000, 0x0000000088800000|100%| O|  |TAMS 0x0000000088800000, 0x0000000088800000| Untracked 
| 136|0x0000000088800000, 0x0000000088900000, 0x0000000088900000|100%| O|  |TAMS 0x0000000088900000, 0x0000000088900000| Untracked 
| 137|0x0000000088900000, 0x0000000088a00000, 0x0000000088a00000|100%| O|  |TAMS 0x0000000088a00000, 0x0000000088a00000| Untracked 
| 138|0x0000000088a00000, 0x0000000088b00000, 0x0000000088b00000|100%| O|  |TAMS 0x0000000088b00000, 0x0000000088b00000| Untracked 
| 139|0x0000000088b00000, 0x0000000088c00000, 0x0000000088c00000|100%| O|  |TAMS 0x0000000088c00000, 0x0000000088c00000| Untracked 
| 140|0x0000000088c00000, 0x0000000088d00000, 0x0000000088d00000|100%| O|  |TAMS 0x0000000088d00000, 0x0000000088d00000| Untracked 
| 141|0x0000000088d00000, 0x0000000088e00000, 0x0000000088e00000|100%| O|  |TAMS 0x0000000088e00000, 0x0000000088e00000| Untracked 
| 142|0x0000000088e00000, 0x0000000088f00000, 0x0000000088f00000|100%| O|  |TAMS 0x0000000088f00000, 0x0000000088f00000| Untracked 
| 143|0x0000000088f00000, 0x0000000089000000, 0x0000000089000000|100%| O|  |TAMS 0x0000000089000000, 0x0000000089000000| Untracked 
| 144|0x0000000089000000, 0x0000000089100000, 0x0000000089100000|100%| O|  |TAMS 0x0000000089100000, 0x0000000089100000| Untracked 
| 145|0x0000000089100000, 0x0000000089200000, 0x0000000089200000|100%| O|  |TAMS 0x0000000089200000, 0x0000000089200000| Untracked 
| 146|0x0000000089200000, 0x0000000089300000, 0x0000000089300000|100%| O|  |TAMS 0x0000000089300000, 0x0000000089300000| Untracked 
| 147|0x0000000089300000, 0x0000000089400000, 0x0000000089400000|100%| O|  |TAMS 0x0000000089400000, 0x0000000089400000| Untracked 
| 148|0x0000000089400000, 0x0000000089500000, 0x0000000089500000|100%| O|  |TAMS 0x0000000089500000, 0x0000000089500000| Untracked 
| 149|0x0000000089500000, 0x0000000089600000, 0x0000000089600000|100%| O|  |TAMS 0x0000000089600000, 0x0000000089600000| Untracked 
| 150|0x0000000089600000, 0x0000000089700000, 0x0000000089700000|100%| O|  |TAMS 0x0000000089700000, 0x0000000089700000| Untracked 
| 151|0x0000000089700000, 0x0000000089800000, 0x0000000089800000|100%| O|  |TAMS 0x0000000089800000, 0x0000000089800000| Untracked 
| 152|0x0000000089800000, 0x0000000089900000, 0x0000000089900000|100%| O|  |TAMS 0x0000000089900000, 0x0000000089900000| Untracked 
| 153|0x0000000089900000, 0x0000000089a00000, 0x0000000089a00000|100%| O|  |TAMS 0x0000000089a00000, 0x0000000089a00000| Untracked 
| 154|0x0000000089a00000, 0x0000000089b00000, 0x0000000089b00000|100%| O|  |TAMS 0x0000000089b00000, 0x0000000089b00000| Untracked 
| 155|0x0000000089b00000, 0x0000000089c00000, 0x0000000089c00000|100%| O|  |TAMS 0x0000000089c00000, 0x0000000089c00000| Untracked 
| 156|0x0000000089c00000, 0x0000000089d00000, 0x0000000089d00000|100%| O|  |TAMS 0x0000000089d00000, 0x0000000089d00000| Untracked 
| 157|0x0000000089d00000, 0x0000000089e00000, 0x0000000089e00000|100%| O|  |TAMS 0x0000000089d60400, 0x0000000089e00000| Untracked 
| 158|0x0000000089e00000, 0x0000000089f00000, 0x0000000089f00000|100%| O|  |TAMS 0x0000000089e00000, 0x0000000089f00000| Untracked 
| 159|0x0000000089f00000, 0x000000008a000000, 0x000000008a000000|100%| O|  |TAMS 0x0000000089f00000, 0x000000008a000000| Untracked 
| 160|0x000000008a000000, 0x000000008a100000, 0x000000008a100000|100%| O|  |TAMS 0x000000008a000000, 0x000000008a100000| Untracked 
| 161|0x000000008a100000, 0x000000008a200000, 0x000000008a200000|100%| O|  |TAMS 0x000000008a100000, 0x000000008a200000| Untracked 
| 162|0x000000008a200000, 0x000000008a300000, 0x000000008a300000|100%| O|  |TAMS 0x000000008a200000, 0x000000008a300000| Untracked 
| 163|0x000000008a300000, 0x000000008a322a00, 0x000000008a400000| 13%| O|  |TAMS 0x000000008a300000, 0x000000008a322a00| Untracked 
| 164|0x000000008a400000, 0x000000008a400000, 0x000000008a500000|  0%| F|  |TAMS 0x000000008a400000, 0x000000008a400000| Untracked 
| 165|0x000000008a500000, 0x000000008a500000, 0x000000008a600000|  0%| F|  |TAMS 0x000000008a500000, 0x000000008a500000| Untracked 
| 166|0x000000008a600000, 0x000000008a600000, 0x000000008a700000|  0%| F|  |TAMS 0x000000008a600000, 0x000000008a600000| Untracked 
| 167|0x000000008a700000, 0x000000008a700000, 0x000000008a800000|  0%| F|  |TAMS 0x000000008a700000, 0x000000008a700000| Untracked 
| 168|0x000000008a800000, 0x000000008a800000, 0x000000008a900000|  0%| F|  |TAMS 0x000000008a800000, 0x000000008a800000| Untracked 
| 169|0x000000008a900000, 0x000000008a900000, 0x000000008aa00000|  0%| F|  |TAMS 0x000000008a900000, 0x000000008a900000| Untracked 
| 170|0x000000008aa00000, 0x000000008aa00000, 0x000000008ab00000|  0%| F|  |TAMS 0x000000008aa00000, 0x000000008aa00000| Untracked 
| 171|0x000000008ab00000, 0x000000008ab00000, 0x000000008ac00000|  0%| F|  |TAMS 0x000000008ab00000, 0x000000008ab00000| Untracked 
| 172|0x000000008ac00000, 0x000000008ac00000, 0x000000008ad00000|  0%| F|  |TAMS 0x000000008ac00000, 0x000000008ac00000| Untracked 
| 173|0x000000008ad00000, 0x000000008ad00000, 0x000000008ae00000|  0%| F|  |TAMS 0x000000008ad00000, 0x000000008ad00000| Untracked 
| 174|0x000000008ae00000, 0x000000008ae00000, 0x000000008af00000|  0%| F|  |TAMS 0x000000008ae00000, 0x000000008ae00000| Untracked 
| 175|0x000000008af00000, 0x000000008af00000, 0x000000008b000000|  0%| F|  |TAMS 0x000000008af00000, 0x000000008af00000| Untracked 
| 176|0x000000008b000000, 0x000000008b000000, 0x000000008b100000|  0%| F|  |TAMS 0x000000008b000000, 0x000000008b000000| Untracked 
| 177|0x000000008b100000, 0x000000008b100000, 0x000000008b200000|  0%| F|  |TAMS 0x000000008b100000, 0x000000008b100000| Untracked 
| 178|0x000000008b200000, 0x000000008b200000, 0x000000008b300000|  0%| F|  |TAMS 0x000000008b200000, 0x000000008b200000| Untracked 
| 179|0x000000008b300000, 0x000000008b300000, 0x000000008b400000|  0%| F|  |TAMS 0x000000008b300000, 0x000000008b300000| Untracked 
| 180|0x000000008b400000, 0x000000008b400000, 0x000000008b500000|  0%| F|  |TAMS 0x000000008b400000, 0x000000008b400000| Untracked 
| 181|0x000000008b500000, 0x000000008b500000, 0x000000008b600000|  0%| F|  |TAMS 0x000000008b500000, 0x000000008b500000| Untracked 
| 182|0x000000008b600000, 0x000000008b600000, 0x000000008b700000|  0%| F|  |TAMS 0x000000008b600000, 0x000000008b600000| Untracked 
| 183|0x000000008b700000, 0x000000008b700000, 0x000000008b800000|  0%| F|  |TAMS 0x000000008b700000, 0x000000008b700000| Untracked 
| 184|0x000000008b800000, 0x000000008b800000, 0x000000008b900000|  0%| F|  |TAMS 0x000000008b800000, 0x000000008b800000| Untracked 
| 185|0x000000008b900000, 0x000000008b900000, 0x000000008ba00000|  0%| F|  |TAMS 0x000000008b900000, 0x000000008b900000| Untracked 
| 186|0x000000008ba00000, 0x000000008ba00000, 0x000000008bb00000|  0%| F|  |TAMS 0x000000008ba00000, 0x000000008ba00000| Untracked 
| 187|0x000000008bb00000, 0x000000008bb00000, 0x000000008bc00000|  0%| F|  |TAMS 0x000000008bb00000, 0x000000008bb00000| Untracked 
| 188|0x000000008bc00000, 0x000000008bc00000, 0x000000008bd00000|  0%| F|  |TAMS 0x000000008bc00000, 0x000000008bc00000| Untracked 
| 189|0x000000008bd00000, 0x000000008bd00000, 0x000000008be00000|  0%| F|  |TAMS 0x000000008bd00000, 0x000000008bd00000| Untracked 
| 190|0x000000008be00000, 0x000000008be00000, 0x000000008bf00000|  0%| F|  |TAMS 0x000000008be00000, 0x000000008be00000| Untracked 
| 191|0x000000008bf00000, 0x000000008bf00000, 0x000000008c000000|  0%| F|  |TAMS 0x000000008bf00000, 0x000000008bf00000| Untracked 
| 192|0x000000008c000000, 0x000000008c000000, 0x000000008c100000|  0%| F|  |TAMS 0x000000008c000000, 0x000000008c000000| Untracked 
| 193|0x000000008c100000, 0x000000008c100000, 0x000000008c200000|  0%| F|  |TAMS 0x000000008c100000, 0x000000008c100000| Untracked 
| 194|0x000000008c200000, 0x000000008c200000, 0x000000008c300000|  0%| F|  |TAMS 0x000000008c200000, 0x000000008c200000| Untracked 
| 195|0x000000008c300000, 0x000000008c300000, 0x000000008c400000|  0%| F|  |TAMS 0x000000008c300000, 0x000000008c300000| Untracked 
| 196|0x000000008c400000, 0x000000008c400000, 0x000000008c500000|  0%| F|  |TAMS 0x000000008c400000, 0x000000008c400000| Untracked 
| 197|0x000000008c500000, 0x000000008c500000, 0x000000008c600000|  0%| F|  |TAMS 0x000000008c500000, 0x000000008c500000| Untracked 
| 198|0x000000008c600000, 0x000000008c600000, 0x000000008c700000|  0%| F|  |TAMS 0x000000008c600000, 0x000000008c600000| Untracked 
| 199|0x000000008c700000, 0x000000008c700000, 0x000000008c800000|  0%| F|  |TAMS 0x000000008c700000, 0x000000008c700000| Untracked 
| 200|0x000000008c800000, 0x000000008c800000, 0x000000008c900000|  0%| F|  |TAMS 0x000000008c800000, 0x000000008c800000| Untracked 
| 201|0x000000008c900000, 0x000000008c900000, 0x000000008ca00000|  0%| F|  |TAMS 0x000000008c900000, 0x000000008c900000| Untracked 
| 202|0x000000008ca00000, 0x000000008ca00000, 0x000000008cb00000|  0%| F|  |TAMS 0x000000008ca00000, 0x000000008ca00000| Untracked 
| 203|0x000000008cb00000, 0x000000008cb00000, 0x000000008cc00000|  0%| F|  |TAMS 0x000000008cb00000, 0x000000008cb00000| Untracked 
| 204|0x000000008cc00000, 0x000000008cc00000, 0x000000008cd00000|  0%| F|  |TAMS 0x000000008cc00000, 0x000000008cc00000| Untracked 
| 205|0x000000008cd00000, 0x000000008cd00000, 0x000000008ce00000|  0%| F|  |TAMS 0x000000008cd00000, 0x000000008cd00000| Untracked 
| 206|0x000000008ce00000, 0x000000008ce00000, 0x000000008cf00000|  0%| F|  |TAMS 0x000000008ce00000, 0x000000008ce00000| Untracked 
| 207|0x000000008cf00000, 0x000000008cf00000, 0x000000008d000000|  0%| F|  |TAMS 0x000000008cf00000, 0x000000008cf00000| Untracked 
| 208|0x000000008d000000, 0x000000008d000000, 0x000000008d100000|  0%| F|  |TAMS 0x000000008d000000, 0x000000008d000000| Untracked 
| 209|0x000000008d100000, 0x000000008d100000, 0x000000008d200000|  0%| F|  |TAMS 0x000000008d100000, 0x000000008d100000| Untracked 
| 210|0x000000008d200000, 0x000000008d200000, 0x000000008d300000|  0%| F|  |TAMS 0x000000008d200000, 0x000000008d200000| Untracked 
| 211|0x000000008d300000, 0x000000008d300000, 0x000000008d400000|  0%| F|  |TAMS 0x000000008d300000, 0x000000008d300000| Untracked 
| 212|0x000000008d400000, 0x000000008d400000, 0x000000008d500000|  0%| F|  |TAMS 0x000000008d400000, 0x000000008d400000| Untracked 
| 213|0x000000008d500000, 0x000000008d500000, 0x000000008d600000|  0%| F|  |TAMS 0x000000008d500000, 0x000000008d500000| Untracked 
| 214|0x000000008d600000, 0x000000008d600000, 0x000000008d700000|  0%| F|  |TAMS 0x000000008d600000, 0x000000008d600000| Untracked 
| 215|0x000000008d700000, 0x000000008d700000, 0x000000008d800000|  0%| F|  |TAMS 0x000000008d700000, 0x000000008d700000| Untracked 
| 216|0x000000008d800000, 0x000000008d800000, 0x000000008d900000|  0%| F|  |TAMS 0x000000008d800000, 0x000000008d800000| Untracked 
| 217|0x000000008d900000, 0x000000008d900000, 0x000000008da00000|  0%| F|  |TAMS 0x000000008d900000, 0x000000008d900000| Untracked 
| 218|0x000000008da00000, 0x000000008da00000, 0x000000008db00000|  0%| F|  |TAMS 0x000000008da00000, 0x000000008da00000| Untracked 
| 219|0x000000008db00000, 0x000000008db00000, 0x000000008dc00000|  0%| F|  |TAMS 0x000000008db00000, 0x000000008db00000| Untracked 
| 220|0x000000008dc00000, 0x000000008dc00000, 0x000000008dd00000|  0%| F|  |TAMS 0x000000008dc00000, 0x000000008dc00000| Untracked 
| 221|0x000000008dd00000, 0x000000008de00000, 0x000000008de00000|100%| S|CS|TAMS 0x000000008dd00000, 0x000000008dd00000| Complete 
| 222|0x000000008de00000, 0x000000008df00000, 0x000000008df00000|100%| S|CS|TAMS 0x000000008de00000, 0x000000008de00000| Complete 
| 223|0x000000008df00000, 0x000000008e000000, 0x000000008e000000|100%| S|CS|TAMS 0x000000008df00000, 0x000000008df00000| Complete 
| 224|0x000000008e000000, 0x000000008e000000, 0x000000008e100000|  0%| F|  |TAMS 0x000000008e000000, 0x000000008e000000| Untracked 
| 225|0x000000008e100000, 0x000000008e100000, 0x000000008e200000|  0%| F|  |TAMS 0x000000008e100000, 0x000000008e100000| Untracked 
| 226|0x000000008e200000, 0x000000008e200000, 0x000000008e300000|  0%| F|  |TAMS 0x000000008e200000, 0x000000008e200000| Untracked 
| 227|0x000000008e300000, 0x000000008e300000, 0x000000008e400000|  0%| F|  |TAMS 0x000000008e300000, 0x000000008e300000| Untracked 
| 228|0x000000008e400000, 0x000000008e400000, 0x000000008e500000|  0%| F|  |TAMS 0x000000008e400000, 0x000000008e400000| Untracked 
| 229|0x000000008e500000, 0x000000008e500000, 0x000000008e600000|  0%| F|  |TAMS 0x000000008e500000, 0x000000008e500000| Untracked 
| 230|0x000000008e600000, 0x000000008e600000, 0x000000008e700000|  0%| F|  |TAMS 0x000000008e600000, 0x000000008e600000| Untracked 
| 231|0x000000008e700000, 0x000000008e800000, 0x000000008e800000|100%| O|  |TAMS 0x000000008e800000, 0x000000008e800000| Untracked 
| 232|0x000000008e800000, 0x000000008e900000, 0x000000008e900000|100%| O|  |TAMS 0x000000008e900000, 0x000000008e900000| Untracked 
| 233|0x000000008e900000, 0x000000008e900000, 0x000000008ea00000|  0%| F|  |TAMS 0x000000008e900000, 0x000000008e900000| Untracked 
| 234|0x000000008ea00000, 0x000000008ea00000, 0x000000008eb00000|  0%| F|  |TAMS 0x000000008ea00000, 0x000000008ea00000| Untracked 
| 235|0x000000008eb00000, 0x000000008eb00000, 0x000000008ec00000|  0%| F|  |TAMS 0x000000008eb00000, 0x000000008eb00000| Untracked 
| 236|0x000000008ec00000, 0x000000008ec00000, 0x000000008ed00000|  0%| F|  |TAMS 0x000000008ec00000, 0x000000008ec00000| Untracked 
| 237|0x000000008ed00000, 0x000000008ee00000, 0x000000008ee00000|100%| S|CS|TAMS 0x000000008ed00000, 0x000000008ed00000| Complete 
| 238|0x000000008ee00000, 0x000000008ef00000, 0x000000008ef00000|100%| S|CS|TAMS 0x000000008ee00000, 0x000000008ee00000| Complete 
| 239|0x000000008ef00000, 0x000000008f000000, 0x000000008f000000|100%| S|CS|TAMS 0x000000008ef00000, 0x000000008ef00000| Complete 
| 240|0x000000008f000000, 0x000000008f000000, 0x000000008f100000|  0%| F|  |TAMS 0x000000008f000000, 0x000000008f000000| Untracked 
| 241|0x000000008f100000, 0x000000008f100000, 0x000000008f200000|  0%| F|  |TAMS 0x000000008f100000, 0x000000008f100000| Untracked 
| 242|0x000000008f200000, 0x000000008f200000, 0x000000008f300000|  0%| F|  |TAMS 0x000000008f200000, 0x000000008f200000| Untracked 
| 243|0x000000008f300000, 0x000000008f300000, 0x000000008f400000|  0%| F|  |TAMS 0x000000008f300000, 0x000000008f300000| Untracked 
| 244|0x000000008f400000, 0x000000008f400000, 0x000000008f500000|  0%| F|  |TAMS 0x000000008f400000, 0x000000008f400000| Untracked 
| 245|0x000000008f500000, 0x000000008f500000, 0x000000008f600000|  0%| F|  |TAMS 0x000000008f500000, 0x000000008f500000| Untracked 
| 246|0x000000008f600000, 0x000000008f600000, 0x000000008f700000|  0%| F|  |TAMS 0x000000008f600000, 0x000000008f600000| Untracked 
| 247|0x000000008f700000, 0x000000008f700000, 0x000000008f800000|  0%| F|  |TAMS 0x000000008f700000, 0x000000008f700000| Untracked 
| 248|0x000000008f800000, 0x000000008f800000, 0x000000008f900000|  0%| F|  |TAMS 0x000000008f800000, 0x000000008f800000| Untracked 
| 249|0x000000008f900000, 0x000000008f900000, 0x000000008fa00000|  0%| F|  |TAMS 0x000000008f900000, 0x000000008f900000| Untracked 
| 250|0x000000008fa00000, 0x000000008fa00000, 0x000000008fb00000|  0%| F|  |TAMS 0x000000008fa00000, 0x000000008fa00000| Untracked 
| 251|0x000000008fb00000, 0x000000008fb00000, 0x000000008fc00000|  0%| F|  |TAMS 0x000000008fb00000, 0x000000008fb00000| Untracked 
| 252|0x000000008fc00000, 0x000000008fc00000, 0x000000008fd00000|  0%| F|  |TAMS 0x000000008fc00000, 0x000000008fc00000| Untracked 
| 253|0x000000008fd00000, 0x000000008fd00000, 0x000000008fe00000|  0%| F|  |TAMS 0x000000008fd00000, 0x000000008fd00000| Untracked 
| 254|0x000000008fe00000, 0x000000008fe00000, 0x000000008ff00000|  0%| F|  |TAMS 0x000000008fe00000, 0x000000008fe00000| Untracked 
| 255|0x000000008ff00000, 0x000000008ff00000, 0x0000000090000000|  0%| F|  |TAMS 0x000000008ff00000, 0x000000008ff00000| Untracked 
| 256|0x0000000090000000, 0x0000000090000000, 0x0000000090100000|  0%| F|  |TAMS 0x0000000090000000, 0x0000000090000000| Untracked 
| 257|0x0000000090100000, 0x0000000090100000, 0x0000000090200000|  0%| F|  |TAMS 0x0000000090100000, 0x0000000090100000| Untracked 
| 258|0x0000000090200000, 0x0000000090200000, 0x0000000090300000|  0%| F|  |TAMS 0x0000000090200000, 0x0000000090200000| Untracked 
| 259|0x0000000090300000, 0x0000000090300000, 0x0000000090400000|  0%| F|  |TAMS 0x0000000090300000, 0x0000000090300000| Untracked 
| 260|0x0000000090400000, 0x0000000090400000, 0x0000000090500000|  0%| F|  |TAMS 0x0000000090400000, 0x0000000090400000| Untracked 
| 261|0x0000000090500000, 0x0000000090500000, 0x0000000090600000|  0%| F|  |TAMS 0x0000000090500000, 0x0000000090500000| Untracked 
| 262|0x0000000090600000, 0x0000000090600000, 0x0000000090700000|  0%| F|  |TAMS 0x0000000090600000, 0x0000000090600000| Untracked 
| 263|0x0000000090700000, 0x0000000090700000, 0x0000000090800000|  0%| F|  |TAMS 0x0000000090700000, 0x0000000090700000| Untracked 
| 264|0x0000000090800000, 0x0000000090800000, 0x0000000090900000|  0%| F|  |TAMS 0x0000000090800000, 0x0000000090800000| Untracked 
| 265|0x0000000090900000, 0x0000000090900000, 0x0000000090a00000|  0%| F|  |TAMS 0x0000000090900000, 0x0000000090900000| Untracked 
| 266|0x0000000090a00000, 0x0000000090a00000, 0x0000000090b00000|  0%| F|  |TAMS 0x0000000090a00000, 0x0000000090a00000| Untracked 
| 267|0x0000000090b00000, 0x0000000090b00000, 0x0000000090c00000|  0%| F|  |TAMS 0x0000000090b00000, 0x0000000090b00000| Untracked 
| 268|0x0000000090c00000, 0x0000000090c00000, 0x0000000090d00000|  0%| F|  |TAMS 0x0000000090c00000, 0x0000000090c00000| Untracked 
| 269|0x0000000090d00000, 0x0000000090d00000, 0x0000000090e00000|  0%| F|  |TAMS 0x0000000090d00000, 0x0000000090d00000| Untracked 
| 270|0x0000000090e00000, 0x0000000090e00000, 0x0000000090f00000|  0%| F|  |TAMS 0x0000000090e00000, 0x0000000090e00000| Untracked 
| 271|0x0000000090f00000, 0x0000000090f00000, 0x0000000091000000|  0%| F|  |TAMS 0x0000000090f00000, 0x0000000090f00000| Untracked 
| 272|0x0000000091000000, 0x0000000091000000, 0x0000000091100000|  0%| F|  |TAMS 0x0000000091000000, 0x0000000091000000| Untracked 
| 273|0x0000000091100000, 0x0000000091100000, 0x0000000091200000|  0%| F|  |TAMS 0x0000000091100000, 0x0000000091100000| Untracked 
| 274|0x0000000091200000, 0x0000000091200000, 0x0000000091300000|  0%| F|  |TAMS 0x0000000091200000, 0x0000000091200000| Untracked 
| 275|0x0000000091300000, 0x0000000091300000, 0x0000000091400000|  0%| F|  |TAMS 0x0000000091300000, 0x0000000091300000| Untracked 
| 276|0x0000000091400000, 0x0000000091400000, 0x0000000091500000|  0%| F|  |TAMS 0x0000000091400000, 0x0000000091400000| Untracked 
| 277|0x0000000091500000, 0x0000000091500000, 0x0000000091600000|  0%| F|  |TAMS 0x0000000091500000, 0x0000000091500000| Untracked 
| 278|0x0000000091600000, 0x0000000091600000, 0x0000000091700000|  0%| F|  |TAMS 0x0000000091600000, 0x0000000091600000| Untracked 
| 279|0x0000000091700000, 0x0000000091700000, 0x0000000091800000|  0%| F|  |TAMS 0x0000000091700000, 0x0000000091700000| Untracked 
| 280|0x0000000091800000, 0x0000000091800000, 0x0000000091900000|  0%| F|  |TAMS 0x0000000091800000, 0x0000000091800000| Untracked 
| 281|0x0000000091900000, 0x0000000091900000, 0x0000000091a00000|  0%| F|  |TAMS 0x0000000091900000, 0x0000000091900000| Untracked 
| 282|0x0000000091a00000, 0x0000000091a00000, 0x0000000091b00000|  0%| F|  |TAMS 0x0000000091a00000, 0x0000000091a00000| Untracked 
| 283|0x0000000091b00000, 0x0000000091b00000, 0x0000000091c00000|  0%| F|  |TAMS 0x0000000091b00000, 0x0000000091b00000| Untracked 
| 284|0x0000000091c00000, 0x0000000091c00000, 0x0000000091d00000|  0%| F|  |TAMS 0x0000000091c00000, 0x0000000091c00000| Untracked 
| 285|0x0000000091d00000, 0x0000000091d00000, 0x0000000091e00000|  0%| F|  |TAMS 0x0000000091d00000, 0x0000000091d00000| Untracked 
| 286|0x0000000091e00000, 0x0000000091e00000, 0x0000000091f00000|  0%| F|  |TAMS 0x0000000091e00000, 0x0000000091e00000| Untracked 
| 287|0x0000000091f00000, 0x0000000091f00000, 0x0000000092000000|  0%| F|  |TAMS 0x0000000091f00000, 0x0000000091f00000| Untracked 
| 288|0x0000000092000000, 0x0000000092000000, 0x0000000092100000|  0%| F|  |TAMS 0x0000000092000000, 0x0000000092000000| Untracked 
| 289|0x0000000092100000, 0x0000000092100000, 0x0000000092200000|  0%| F|  |TAMS 0x0000000092100000, 0x0000000092100000| Untracked 
| 290|0x0000000092200000, 0x0000000092200000, 0x0000000092300000|  0%| F|  |TAMS 0x0000000092200000, 0x0000000092200000| Untracked 
| 291|0x0000000092300000, 0x0000000092300000, 0x0000000092400000|  0%| F|  |TAMS 0x0000000092300000, 0x0000000092300000| Untracked 
| 292|0x0000000092400000, 0x0000000092400000, 0x0000000092500000|  0%| F|  |TAMS 0x0000000092400000, 0x0000000092400000| Untracked 
| 293|0x0000000092500000, 0x0000000092500000, 0x0000000092600000|  0%| F|  |TAMS 0x0000000092500000, 0x0000000092500000| Untracked 
| 294|0x0000000092600000, 0x0000000092600000, 0x0000000092700000|  0%| F|  |TAMS 0x0000000092600000, 0x0000000092600000| Untracked 
| 295|0x0000000092700000, 0x0000000092700000, 0x0000000092800000|  0%| F|  |TAMS 0x0000000092700000, 0x0000000092700000| Untracked 
| 296|0x0000000092800000, 0x0000000092800000, 0x0000000092900000|  0%| F|  |TAMS 0x0000000092800000, 0x0000000092800000| Untracked 
| 297|0x0000000092900000, 0x0000000092900000, 0x0000000092a00000|  0%| F|  |TAMS 0x0000000092900000, 0x0000000092900000| Untracked 
| 298|0x0000000092a00000, 0x0000000092a00000, 0x0000000092b00000|  0%| F|  |TAMS 0x0000000092a00000, 0x0000000092a00000| Untracked 
| 299|0x0000000092b00000, 0x0000000092b00000, 0x0000000092c00000|  0%| F|  |TAMS 0x0000000092b00000, 0x0000000092b00000| Untracked 
| 300|0x0000000092c00000, 0x0000000092c00000, 0x0000000092d00000|  0%| F|  |TAMS 0x0000000092c00000, 0x0000000092c00000| Untracked 
| 301|0x0000000092d00000, 0x0000000092d00000, 0x0000000092e00000|  0%| F|  |TAMS 0x0000000092d00000, 0x0000000092d00000| Untracked 
| 302|0x0000000092e00000, 0x0000000092e00000, 0x0000000092f00000|  0%| F|  |TAMS 0x0000000092e00000, 0x0000000092e00000| Untracked 
| 303|0x0000000092f00000, 0x0000000092f00000, 0x0000000093000000|  0%| F|  |TAMS 0x0000000092f00000, 0x0000000092f00000| Untracked 
| 304|0x0000000093000000, 0x0000000093000000, 0x0000000093100000|  0%| F|  |TAMS 0x0000000093000000, 0x0000000093000000| Untracked 
| 305|0x0000000093100000, 0x0000000093100000, 0x0000000093200000|  0%| F|  |TAMS 0x0000000093100000, 0x0000000093100000| Untracked 
| 306|0x0000000093200000, 0x0000000093200000, 0x0000000093300000|  0%| F|  |TAMS 0x0000000093200000, 0x0000000093200000| Untracked 
| 307|0x0000000093300000, 0x0000000093300000, 0x0000000093400000|  0%| F|  |TAMS 0x0000000093300000, 0x0000000093300000| Untracked 
| 308|0x0000000093400000, 0x0000000093400000, 0x0000000093500000|  0%| F|  |TAMS 0x0000000093400000, 0x0000000093400000| Untracked 
| 309|0x0000000093500000, 0x0000000093500000, 0x0000000093600000|  0%| F|  |TAMS 0x0000000093500000, 0x0000000093500000| Untracked 
| 310|0x0000000093600000, 0x0000000093600000, 0x0000000093700000|  0%| F|  |TAMS 0x0000000093600000, 0x0000000093600000| Untracked 
| 311|0x0000000093700000, 0x0000000093700000, 0x0000000093800000|  0%| F|  |TAMS 0x0000000093700000, 0x0000000093700000| Untracked 
| 312|0x0000000093800000, 0x0000000093800000, 0x0000000093900000|  0%| F|  |TAMS 0x0000000093800000, 0x0000000093800000| Untracked 
| 313|0x0000000093900000, 0x0000000093900000, 0x0000000093a00000|  0%| F|  |TAMS 0x0000000093900000, 0x0000000093900000| Untracked 
| 314|0x0000000093a00000, 0x0000000093a00000, 0x0000000093b00000|  0%| F|  |TAMS 0x0000000093a00000, 0x0000000093a00000| Untracked 
| 315|0x0000000093b00000, 0x0000000093b00000, 0x0000000093c00000|  0%| F|  |TAMS 0x0000000093b00000, 0x0000000093b00000| Untracked 
| 316|0x0000000093c00000, 0x0000000093c00000, 0x0000000093d00000|  0%| F|  |TAMS 0x0000000093c00000, 0x0000000093c00000| Untracked 
| 317|0x0000000093d00000, 0x0000000093d00000, 0x0000000093e00000|  0%| F|  |TAMS 0x0000000093d00000, 0x0000000093d00000| Untracked 
| 318|0x0000000093e00000, 0x0000000093e00000, 0x0000000093f00000|  0%| F|  |TAMS 0x0000000093e00000, 0x0000000093e00000| Untracked 
| 319|0x0000000093f00000, 0x0000000093f00000, 0x0000000094000000|  0%| F|  |TAMS 0x0000000093f00000, 0x0000000093f00000| Untracked 
| 320|0x0000000094000000, 0x0000000094000000, 0x0000000094100000|  0%| F|  |TAMS 0x0000000094000000, 0x0000000094000000| Untracked 
| 321|0x0000000094100000, 0x0000000094100000, 0x0000000094200000|  0%| F|  |TAMS 0x0000000094100000, 0x0000000094100000| Untracked 

Card table byte_map: [0x00000146fad70000,0x00000146fb170000] _byte_map_base: 0x00000146fa970000

Marking Bits (Prev, Next): (CMBitMap*) 0x00000146e606f100, (CMBitMap*) 0x00000146e606f0c8
 Prev Bits: [0x00000146fd570000, 0x00000146ff570000)
 Next Bits: [0x00000146fb570000, 0x00000146fd570000)

Polling page: 0x00000146e6110000

Metaspace:

Usage:
  Non-class:    110.66 MB capacity,   108.83 MB ( 98%) used,     1.45 MB (  1%) free+waste,   385.63 KB ( <1%) overhead. 
      Class:     16.47 MB capacity,    15.33 MB ( 93%) used,   995.05 KB (  6%) free+waste,   168.88 KB (  1%) overhead. 
       Both:    127.13 MB capacity,   124.16 MB ( 98%) used,     2.42 MB (  2%) free+waste,   554.50 KB ( <1%) overhead. 

Virtual space:
  Non-class space:      112.00 MB reserved,     110.67 MB ( 99%) committed 
      Class space:        1.00 GB reserved,      16.53 MB (  2%) committed 
             Both:        1.11 GB reserved,     127.20 MB ( 11%) committed 

Chunk freelists:
   Non-Class:  14.00 KB
       Class:  0 bytes
        Both:  14.00 KB

MaxMetaspaceSize: 17179869184.00 GB
CompressedClassSpaceSize: 1.00 GB
Initial GC threshold: 20.80 MB
Current GC threshold: 211.59 MB
CDS: off

CodeHeap 'non-profiled nmethods': size=120064Kb used=12747Kb max_used=12988Kb free=107316Kb
 bounds [0x00000146f2e00000, 0x00000146f3ac0000, 0x00000146fa340000]
CodeHeap 'profiled nmethods': size=120000Kb used=43995Kb max_used=44920Kb free=76004Kb
 bounds [0x00000146eb8d0000, 0x00000146ee580000, 0x00000146f2e00000]
CodeHeap 'non-nmethods': size=5696Kb used=2453Kb max_used=2536Kb free=3242Kb
 bounds [0x00000146eb340000, 0x00000146eb5d0000, 0x00000146eb8d0000]
 total_blobs=20032 nmethods=19040 adapters=901
 compilation: enabled
              stopped_count=0, restarted_count=0
 full_count=0

Compilation events (20 events):
Event: 109.133 Thread 0x0000014682853000 21966       2       com.android.tools.r8.internal.Kb$$Lambda$1839/0x0000000100eb1840::test (12 bytes)
Event: 109.133 Thread 0x0000014682853000 nmethod 21966 0x00000146ed4bcd10 code [0x00000146ed4bcec0, 0x00000146ed4bd018]
Event: 109.133 Thread 0x0000014682853000 21967       2       com.android.tools.r8.internal.Kb::a (11 bytes)
Event: 109.133 Thread 0x0000014682853000 nmethod 21967 0x00000146ed2a7690 code [0x00000146ed2a7840, 0x00000146ed2a7938]
Event: 109.133 Thread 0x0000014682853000 21965       2       com.android.tools.r8.internal.t0::a (104 bytes)
Event: 109.134 Thread 0x0000014682853000 nmethod 21965 0x00000146ec1be910 code [0x00000146ec1beb40, 0x00000146ec1bf058]
Event: 109.134 Thread 0x0000014682853000 21968       1       com.android.tools.r8.internal.l3::n2 (2 bytes)
Event: 109.134 Thread 0x0000014682853000 nmethod 21968 0x00000146f3329690 code [0x00000146f3329840, 0x00000146f33298f8]
Event: 109.161 Thread 0x0000014682853000 21970       1       com.android.tools.r8.internal.l3::k2 (4 bytes)
Event: 109.162 Thread 0x0000014682853000 nmethod 21970 0x00000146f337ce10 code [0x00000146f337cfc0, 0x00000146f337d078]
Event: 109.176 Thread 0x0000014682853000 21971       2       com.android.tools.r8.graph.a::a (187 bytes)
Event: 109.178 Thread 0x0000014682853000 nmethod 21971 0x00000146ec0dda90 code [0x00000146ec0ddd20, 0x00000146ec0de3d8]
Event: 109.178 Thread 0x0000014682853000 21973       2       com.android.tools.r8.graph.g::a (53 bytes)
Event: 109.179 Thread 0x0000014682853000 nmethod 21973 0x00000146eca79010 code [0x00000146eca79200, 0x00000146eca79448]
Event: 109.179 Thread 0x000001468c0e4800 nmethod 21936 0x00000146f339ff10 code [0x00000146f33a0180, 0x00000146f33a1008]
Event: 109.179 Thread 0x0000014682853000 21974       1       com.android.tools.r8.internal.l3::j2 (4 bytes)
Event: 109.179 Thread 0x0000014682853000 nmethod 21974 0x00000146f339fc10 code [0x00000146f339fdc0, 0x00000146f339fe78]
Event: 109.180 Thread 0x000001468c0e4800 21755       4       com.android.tools.r8.ir.regalloc.c::compareTo (134 bytes)
Event: 109.182 Thread 0x0000014682853000 21975       2       java.util.stream.SortedOps$OfRef::opWrapSink (60 bytes)
Event: 109.183 Thread 0x0000014682853000 nmethod 21975 0x00000146ebe44810 code [0x00000146ebe44a20, 0x00000146ebe45108]

GC Heap History (20 events):
Event: 98.016 GC heap after
{Heap after GC invocations=41 (full 0):
 garbage-first heap   total 238592K, used 97659K [0x0000000080000000, 0x0000000100000000)
  region size 1024K, 3 young (3072K), 3 survivors (3072K)
 Metaspace       used 113895K, capacity 116494K, committed 116560K, reserved 1150976K
  class space    used 14029K, capacity 15001K, committed 15008K, reserved 1048576K
}
Event: 98.707 GC heap before
{Heap before GC invocations=41 (full 0):
 garbage-first heap   total 238592K, used 202107K [0x0000000080000000, 0x0000000100000000)
  region size 1024K, 100 young (102400K), 3 survivors (3072K)
 Metaspace       used 114244K, capacity 116940K, committed 117200K, reserved 1150976K
  class space    used 14080K, capacity 15042K, committed 15136K, reserved 1048576K
}
Event: 98.722 GC heap after
{Heap after GC invocations=42 (full 0):
 garbage-first heap   total 238592K, used 105172K [0x0000000080000000, 0x0000000100000000)
  region size 1024K, 8 young (8192K), 8 survivors (8192K)
 Metaspace       used 114244K, capacity 116940K, committed 117200K, reserved 1150976K
  class space    used 14080K, capacity 15042K, committed 15136K, reserved 1048576K
}
Event: 100.124 GC heap before
{Heap before GC invocations=42 (full 0):
 garbage-first heap   total 238592K, used 198356K [0x0000000080000000, 0x0000000100000000)
  region size 1024K, 100 young (102400K), 8 survivors (8192K)
 Metaspace       used 118297K, capacity 121065K, committed 121296K, reserved 1155072K
  class space    used 14603K, capacity 15634K, committed 15648K, reserved 1048576K
}
Event: 100.168 GC heap after
{Heap after GC invocations=43 (full 0):
 garbage-first heap   total 238592K, used 125878K [0x0000000080000000, 0x0000000100000000)
  region size 1024K, 13 young (13312K), 13 survivors (13312K)
 Metaspace       used 118297K, capacity 121065K, committed 121296K, reserved 1155072K
  class space    used 14603K, capacity 15634K, committed 15648K, reserved 1048576K
}
Event: 100.987 GC heap before
{Heap before GC invocations=43 (full 0):
 garbage-first heap   total 238592K, used 193462K [0x0000000080000000, 0x0000000100000000)
  region size 1024K, 80 young (81920K), 13 survivors (13312K)
 Metaspace       used 119887K, capacity 122719K, committed 122832K, reserved 1157120K
  class space    used 14810K, capacity 15863K, committed 15904K, reserved 1048576K
}
Event: 101.068 GC heap after
{Heap after GC invocations=44 (full 0):
 garbage-first heap   total 238592K, used 132096K [0x0000000080000000, 0x0000000100000000)
  region size 1024K, 10 young (10240K), 10 survivors (10240K)
 Metaspace       used 119887K, capacity 122719K, committed 122832K, reserved 1157120K
  class space    used 14810K, capacity 15863K, committed 15904K, reserved 1048576K
}
Event: 101.947 GC heap before
{Heap before GC invocations=45 (full 0):
 garbage-first heap   total 238592K, used 191488K [0x0000000080000000, 0x0000000100000000)
  region size 1024K, 69 young (70656K), 10 survivors (10240K)
 Metaspace       used 121045K, capacity 123940K, committed 124112K, reserved 1157120K
  class space    used 14989K, capacity 16123K, committed 16160K, reserved 1048576K
}
Event: 102.010 GC heap after
{Heap after GC invocations=46 (full 0):
 garbage-first heap   total 238592K, used 143360K [0x0000000080000000, 0x0000000100000000)
  region size 1024K, 9 young (9216K), 9 survivors (9216K)
 Metaspace       used 121045K, capacity 123940K, committed 124112K, reserved 1157120K
  class space    used 14989K, capacity 16123K, committed 16160K, reserved 1048576K
}
Event: 102.014 GC heap before
{Heap before GC invocations=46 (full 0):
 garbage-first heap   total 238592K, used 145408K [0x0000000080000000, 0x0000000100000000)
  region size 1024K, 11 young (11264K), 9 survivors (9216K)
 Metaspace       used 121045K, capacity 123940K, committed 124112K, reserved 1157120K
  class space    used 14989K, capacity 16123K, committed 16160K, reserved 1048576K
}
Event: 102.055 GC heap after
{Heap after GC invocations=47 (full 0):
 garbage-first heap   total 238592K, used 138715K [0x0000000080000000, 0x0000000100000000)
  region size 1024K, 2 young (2048K), 2 survivors (2048K)
 Metaspace       used 121045K, capacity 123940K, committed 124112K, reserved 1157120K
  class space    used 14989K, capacity 16123K, committed 16160K, reserved 1048576K
}
Event: 102.404 GC heap before
{Heap before GC invocations=47 (full 0):
 garbage-first heap   total 238592K, used 191963K [0x0000000080000000, 0x0000000100000000)
  region size 1024K, 54 young (55296K), 2 survivors (2048K)
 Metaspace       used 121738K, capacity 124639K, committed 124752K, reserved 1157120K
  class space    used 15121K, capacity 16249K, committed 16288K, reserved 1048576K
}
Event: 102.440 GC heap after
{Heap after GC invocations=48 (full 0):
 garbage-first heap   total 329728K, used 148450K [0x0000000080000000, 0x0000000100000000)
  region size 1024K, 7 young (7168K), 7 survivors (7168K)
 Metaspace       used 121738K, capacity 124639K, committed 124752K, reserved 1157120K
  class space    used 15121K, capacity 16249K, committed 16288K, reserved 1048576K
}
Event: 104.129 GC heap before
{Heap before GC invocations=49 (full 0):
 garbage-first heap   total 329728K, used 235490K [0x0000000080000000, 0x0000000100000000)
  region size 1024K, 92 young (94208K), 7 survivors (7168K)
 Metaspace       used 124240K, capacity 127193K, committed 127440K, reserved 1161216K
  class space    used 15460K, capacity 16579K, committed 16672K, reserved 1048576K
}
Event: 104.210 GC heap after
{Heap after GC invocations=50 (full 0):
 garbage-first heap   total 329728K, used 162816K [0x0000000080000000, 0x0000000100000000)
  region size 1024K, 12 young (12288K), 12 survivors (12288K)
 Metaspace       used 124240K, capacity 127193K, committed 127440K, reserved 1161216K
  class space    used 15460K, capacity 16579K, committed 16672K, reserved 1048576K
}
Event: 105.851 GC heap before
{Heap before GC invocations=50 (full 0):
 garbage-first heap   total 329728K, used 245760K [0x0000000080000000, 0x0000000100000000)
  region size 1024K, 93 young (95232K), 12 survivors (12288K)
 Metaspace       used 126215K, capacity 129214K, committed 129488K, reserved 1161216K
  class space    used 15682K, capacity 16858K, committed 16928K, reserved 1048576K
}
Event: 105.922 GC heap after
{Heap after GC invocations=51 (full 0):
 garbage-first heap   total 329728K, used 169857K [0x0000000080000000, 0x0000000100000000)
  region size 1024K, 7 young (7168K), 7 survivors (7168K)
 Metaspace       used 126215K, capacity 129214K, committed 129488K, reserved 1161216K
  class space    used 15682K, capacity 16858K, committed 16928K, reserved 1048576K
}
Event: 108.043 GC heap before
{Heap before GC invocations=52 (full 0):
 garbage-first heap   total 329728K, used 252801K [0x0000000080000000, 0x0000000100000000)
  region size 1024K, 88 young (90112K), 7 survivors (7168K)
 Metaspace       used 126890K, capacity 129971K, committed 130256K, reserved 1163264K
  class space    used 15694K, capacity 16864K, committed 16928K, reserved 1048576K
}
Event: 108.087 GC heap after
{Heap after GC invocations=53 (full 0):
 garbage-first heap   total 329728K, used 173785K [0x0000000080000000, 0x0000000100000000)
  region size 1024K, 11 young (11264K), 11 survivors (11264K)
 Metaspace       used 126890K, capacity 129971K, committed 130256K, reserved 1163264K
  class space    used 15694K, capacity 16864K, committed 16928K, reserved 1048576K
}
Event: 109.185 GC heap before
{Heap before GC invocations=53 (full 0):
 garbage-first heap   total 329728K, used 257753K [0x0000000080000000, 0x0000000100000000)
  region size 1024K, 93 young (95232K), 11 survivors (11264K)
 Metaspace       used 127142K, capacity 130179K, committed 130256K, reserved 1163264K
  class space    used 15701K, capacity 16865K, committed 16928K, reserved 1048576K
}

Deoptimization events (20 events):
Event: 108.423 Thread 0x0000014687e8a000 DEOPT PACKING pc=0x00000146ee09325d sp=0x00000030065f9320
Event: 108.423 Thread 0x0000014687e8a000 DEOPT UNPACKING pc=0x00000146eb38a95e sp=0x00000030065f87a8 mode 0
Event: 108.428 Thread 0x0000014687e8a000 DEOPT PACKING pc=0x00000146edf4b0ab sp=0x00000030065f9890
Event: 108.428 Thread 0x0000014687e8a000 DEOPT UNPACKING pc=0x00000146eb38a95e sp=0x00000030065f8de0 mode 0
Event: 108.456 Thread 0x00000146850e1800 DEOPT PACKING pc=0x00000146edf86d6f sp=0x00000030050f64b0
Event: 108.456 Thread 0x00000146850e1800 DEOPT UNPACKING pc=0x00000146eb38a95e sp=0x00000030050f5b10 mode 0
Event: 108.470 Thread 0x0000014687e8a000 DEOPT PACKING pc=0x00000146ee4457cb sp=0x00000030065f9090
Event: 108.470 Thread 0x0000014687e8a000 DEOPT UNPACKING pc=0x00000146eb38a95e sp=0x00000030065f8628 mode 0
Event: 108.666 Thread 0x0000014689917000 DEOPT PACKING pc=0x00000146ede0a1de sp=0x00000030069f9be0
Event: 108.666 Thread 0x0000014689917000 DEOPT UNPACKING pc=0x00000146eb38a95e sp=0x00000030069f9078 mode 0
Event: 108.684 Thread 0x0000014689576000 DEOPT PACKING pc=0x00000146edf7dab5 sp=0x0000003007ff9c70
Event: 108.684 Thread 0x0000014689576000 DEOPT UNPACKING pc=0x00000146eb38a95e sp=0x0000003007ff9108 mode 0
Event: 108.696 Thread 0x0000014689917000 Uncommon trap: trap_request=0xffffff4d fr.pc=0x00000146f361f994 relative=0x0000000000000574
Event: 108.696 Thread 0x0000014689917000 Uncommon trap: reason=unstable_if action=reinterpret pc=0x00000146f361f994 method=com.android.tools.r8.ir.regalloc.c.d(I)Lcom/android/tools/r8/ir/regalloc/c; @ 48 c2
Event: 108.696 Thread 0x0000014689917000 DEOPT PACKING pc=0x00000146f361f994 sp=0x00000030069f95b0
Event: 108.696 Thread 0x0000014689917000 DEOPT UNPACKING pc=0x00000146eb38a1af sp=0x00000030069f94d0 mode 2
Event: 108.767 Thread 0x0000014689917000 DEOPT PACKING pc=0x00000146ee4457cb sp=0x00000030069f91e0
Event: 108.767 Thread 0x0000014689917000 DEOPT UNPACKING pc=0x00000146eb38a95e sp=0x00000030069f8778 mode 0
Event: 108.950 Thread 0x0000014689576000 DEOPT PACKING pc=0x00000146ee09fde2 sp=0x0000003007ff9720
Event: 108.950 Thread 0x0000014689576000 DEOPT UNPACKING pc=0x00000146eb38a95e sp=0x0000003007ff8bb8 mode 0

Classes redefined (0 events):
No events

Internal exceptions (20 events):
Event: 99.530 Thread 0x00000146850e1800 Exception <a 'java/lang/IncompatibleClassChangeError'{0x000000008a4907e8}: Found class java.lang.Object, but interface was expected> (0x000000008a4907e8) thrown at [./src/hotspot/share/interpreter/linkResolver.cpp, line 839]
Event: 99.530 Thread 0x0000014689917000 Exception <a 'java/lang/IncompatibleClassChangeError'{0x000000008a44cde8}: Found class java.lang.Object, but interface was expected> (0x000000008a44cde8) thrown at [./src/hotspot/share/interpreter/linkResolver.cpp, line 839]
Event: 99.654 Thread 0x0000014687e8a000 Exception <a 'java/lang/NoSuchMethodError'{0x000000008a1d76f0}: 'java.lang.Object java.lang.invoke.DirectMethodHandle$Holder.invokeStatic(java.lang.Object, long)'> (0x000000008a1d76f0) thrown at [./src/hotspot/share/interpreter/linkResolver.cpp, line 773]
Event: 99.654 Thread 0x0000014689917000 Exception <a 'java/lang/NoSuchMethodError'{0x000000008a1c6000}: 'java.lang.Object java.lang.invoke.DirectMethodHandle$Holder.invokeStatic(java.lang.Object, long)'> (0x000000008a1c6000) thrown at [./src/hotspot/share/interpreter/linkResolver.cpp, line 773]
Event: 99.655 Thread 0x0000014689917000 Exception <a 'java/lang/NoSuchMethodError'{0x000000008a1c9b28}: 'java.lang.Object java.lang.invoke.DirectMethodHandle$Holder.invokeSpecial(java.lang.Object, java.lang.Object, long)'> (0x000000008a1c9b28) thrown at [./src/hotspot/share/interpreter/linkResolver.cpp, line 773]
Event: 99.657 Thread 0x0000014689917000 Exception <a 'java/lang/NoSuchMethodError'{0x000000008a1cd2e0}: 'java.lang.Object java.lang.invoke.Invokers$Holder.linkToTargetMethod(long, java.lang.Object)'> (0x000000008a1cd2e0) thrown at [./src/hotspot/share/interpreter/linkResolver.cpp, line 773]
Event: 100.397 Thread 0x0000014689576000 Exception <a 'java/lang/IncompatibleClassChangeError'{0x000000008d3a62d0}: Found class java.lang.Object, but interface was expected> (0x000000008d3a62d0) thrown at [./src/hotspot/share/interpreter/linkResolver.cpp, line 839]
Event: 101.660 Thread 0x0000014689917000 Exception <a 'java/lang/NoSuchMethodError'{0x000000008c05c710}: 'java.lang.Object java.lang.invoke.DirectMethodHandle$Holder.invokeStatic(java.lang.Object, int, java.lang.Object, java.lang.Object)'> (0x000000008c05c710) thrown at [./src/hotspot/share/interpreter/linkResolver.cpp, line 773]
Event: 102.296 Thread 0x0000014689576000 Exception <a 'java/lang/IncompatibleClassChangeError'{0x000000008c1a8ce0}: Found class java.lang.Object, but interface was expected> (0x000000008c1a8ce0) thrown at [./src/hotspot/share/interpreter/linkResolver.cpp, line 839]
Event: 102.342 Thread 0x0000014689576000 Exception <a 'java/lang/IncompatibleClassChangeError'{0x000000008c1b1c70}: Found class java.lang.Object, but interface was expected> (0x000000008c1b1c70) thrown at [./src/hotspot/share/interpreter/linkResolver.cpp, line 839]
Event: 102.864 Thread 0x0000014689576000 Exception <a 'java/lang/NoSuchMethodError'{0x00000000928ff1a8}: 'void java.lang.invoke.DirectMethodHandle$Holder.invokeSpecial(java.lang.Object, java.lang.Object, int, java.lang.Object)'> (0x00000000928ff1a8) thrown at [./src/hotspot/share/interpreter/linkResolver.cpp, line 773]
Event: 102.883 Thread 0x00000146850e1800 Exception <a 'java/lang/NoSuchMethodError'{0x00000000927c0ca8}: 'void java.lang.invoke.DirectMethodHandle$Holder.invokeSpecial(java.lang.Object, java.lang.Object, int, java.lang.Object)'> (0x00000000927c0ca8) thrown at [./src/hotspot/share/interpreter/linkResolver.cpp, line 773]
Event: 103.253 Thread 0x0000014689917000 Exception <a 'java/lang/NoSuchMethodError'{0x0000000091dabb38}: 'int java.lang.invoke.DirectMethodHandle$Holder.invokeSpecial(java.lang.Object, java.lang.Object, java.lang.Object, int, java.lang.Object)'> (0x0000000091dabb38) thrown at [./src/hotspot/share/interpreter/linkResolver.cpp, line 773]
Event: 103.478 Thread 0x0000014689576000 Exception <a 'java/lang/NoSuchMethodError'{0x00000000911a09f8}: 'long java.lang.invoke.DirectMethodHandle$Holder.invokeStatic(java.lang.Object, java.lang.Object)'> (0x00000000911a09f8) thrown at [./src/hotspot/share/interpreter/linkResolver.cpp, line 773]
Event: 104.048 Thread 0x0000014689917000 Exception <a 'java/lang/NoSuchMethodError'{0x000000008f0f42c0}: 'java.lang.Object java.lang.invoke.DirectMethodHandle$Holder.invokeInterface(java.lang.Object, java.lang.Object, int)'> (0x000000008f0f42c0) thrown at [./src/hotspot/share/interpreter/linkResolver.cpp, line 773]
Event: 104.316 Thread 0x00000146850e1800 Exception <a 'java/lang/NoSuchMethodError'{0x0000000093cc5538}: 'java.lang.Object java.lang.invoke.DirectMethodHandle$Holder.invokeSpecial(java.lang.Object, java.lang.Object, java.lang.Object, java.lang.Object, java.lang.Object, java.lang.Object, java.lang.Object, java.lang.Object, java.lang.Object, java.lang.Object, java.lang.Object)'> (0x0000000093cc5538) thrown at [./src/hotspot/share/interpreter/linkResolver.cpp, line 773]
Event: 104.323 Thread 0x00000146850e1800 Exception <a 'java/lang/NoSuchMethodError'{0x0000000093cd16d0}: 'java.lang.Object java.lang.invoke.Invokers$Holder.linkToTargetMethod(java.lang.Object, java.lang.Object, java.lang.Object, java.lang.Object, java.lang.Object, java.lang.Object, java.lang.Object, java.lang.Object, java.lang.Object, java.lang.Object)'> (0x0000000093cd16d0) thrown at [./src/hotspot/share/interpreter/linkResolver.cpp, line 773]
Event: 104.370 Thread 0x00000146850e1800 Exception <a 'java/lang/IncompatibleClassChangeError'{0x00000000939a73a8}: Found class java.lang.Object, but interface was expected> (0x00000000939a73a8) thrown at [./src/hotspot/share/interpreter/linkResolver.cpp, line 839]
Event: 104.638 Thread 0x00000146850e1800 Exception <a 'java/lang/NoSuchMethodError'{0x0000000092f91240}: 'void java.lang.invoke.DirectMethodHandle$Holder.invokeSpecialIFC(java.lang.Object, java.lang.Object, java.lang.Object, java.lang.Object)'> (0x0000000092f91240) thrown at [./src/hotspot/share/interpreter/linkResolver.cpp, line 773]
Event: 107.412 Thread 0x0000014689917000 Exception <a 'java/lang/NoSuchMethodError'{0x0000000091fb24f0}: 'int java.lang.invoke.DirectMethodHandle$Holder.invokeInterface(java.lang.Object, java.lang.Object, int)'> (0x0000000091fb24f0) thrown at [./src/hotspot/share/interpreter/linkResolver.cpp, line 773]

Events (20 events):
Event: 108.242 Thread 0x0000014682857800 flushing nmethod 0x00000146ed49b210
Event: 108.242 Thread 0x0000014682857800 flushing nmethod 0x00000146ed49c310
Event: 108.242 Thread 0x0000014682857800 flushing nmethod 0x00000146ed49c710
Event: 108.242 Thread 0x0000014682857800 flushing nmethod 0x00000146ed49e910
Event: 108.242 Thread 0x0000014682857800 flushing nmethod 0x00000146ed4a5190
Event: 108.242 Thread 0x0000014682857800 flushing nmethod 0x00000146ed4aae10
Event: 108.242 Thread 0x0000014682857800 flushing nmethod 0x00000146ed4b2410
Event: 108.242 Thread 0x0000014682857800 flushing nmethod 0x00000146ed4bcd10
Event: 108.242 Thread 0x0000014682857800 flushing nmethod 0x00000146ed4c5790
Event: 108.242 Thread 0x0000014682857800 flushing nmethod 0x00000146ed4c6890
Event: 108.243 Thread 0x0000014682857800 flushing nmethod 0x00000146ed4df810
Event: 108.243 Thread 0x0000014682857800 flushing nmethod 0x00000146ed4f9990
Event: 108.249 Thread 0x0000014682857800 flushing nmethod 0x00000146ed9c9990
Event: 108.453 Executing VM operation: ICBufferFull
Event: 108.456 Executing VM operation: ICBufferFull done
Event: 108.723 Executing VM operation: ICBufferFull
Event: 108.726 Executing VM operation: ICBufferFull done
Event: 109.146 Executing VM operation: RevokeBias
Event: 109.161 Executing VM operation: RevokeBias done
Event: 109.185 Executing VM operation: G1CollectForAllocation


Dynamic libraries:
0x00007ff687bc0000 - 0x00007ff687bca000 	C:\Program Files\Android\Android Studio\jre\bin\java.exe
0x00007ff8a50f0000 - 0x00007ff8a52e8000 	C:\WINDOWS\SYSTEM32\ntdll.dll
0x00007ff8a3310000 - 0x00007ff8a33cd000 	C:\WINDOWS\System32\KERNEL32.DLL
0x00007ff8a2cf0000 - 0x00007ff8a2fe6000 	C:\WINDOWS\System32\KERNELBASE.dll
0x00007ff8a2910000 - 0x00007ff8a2a10000 	C:\WINDOWS\System32\ucrtbase.dll
0x00007ff89ddb0000 - 0x00007ff89ddc7000 	C:\Program Files\Android\Android Studio\jre\bin\VCRUNTIME140.dll
0x00007ff89de90000 - 0x00007ff89dea9000 	C:\Program Files\Android\Android Studio\jre\bin\jli.dll
0x00007ff8a4340000 - 0x00007ff8a44de000 	C:\WINDOWS\System32\USER32.dll
0x00007ff8a2ab0000 - 0x00007ff8a2ad2000 	C:\WINDOWS\System32\win32u.dll
0x00007ff8a4c10000 - 0x00007ff8a4c3c000 	C:\WINDOWS\System32\GDI32.dll
0x00007ff8a2b80000 - 0x00007ff8a2c9a000 	C:\WINDOWS\System32\gdi32full.dll
0x00007ff8a2ae0000 - 0x00007ff8a2b7d000 	C:\WINDOWS\System32\msvcp_win.dll
0x00007ff8908c0000 - 0x00007ff890b5a000 	C:\WINDOWS\WinSxS\amd64_microsoft.windows.common-controls_6595b64144ccf1df_6.0.19041.1110_none_60b5254171f9507e\COMCTL32.dll
0x00007ff8a4b70000 - 0x00007ff8a4c0e000 	C:\WINDOWS\System32\msvcrt.dll
0x00007ff8a34a0000 - 0x00007ff8a34d0000 	C:\WINDOWS\System32\IMM32.DLL
0x00007ff87b360000 - 0x00007ff87b3fd000 	C:\Program Files\Android\Android Studio\jre\bin\msvcp140.dll
0x00007ff832ab0000 - 0x00007ff8335b2000 	C:\Program Files\Android\Android Studio\jre\bin\server\jvm.dll
0x00007ff8a3200000 - 0x00007ff8a32ae000 	C:\WINDOWS\System32\ADVAPI32.dll
0x00007ff8a4890000 - 0x00007ff8a492c000 	C:\WINDOWS\System32\sechost.dll
0x00007ff8a4990000 - 0x00007ff8a4ab6000 	C:\WINDOWS\System32\RPCRT4.dll
0x00007ff8a5020000 - 0x00007ff8a5028000 	C:\WINDOWS\System32\PSAPI.DLL
0x00007ff88f420000 - 0x00007ff88f447000 	C:\WINDOWS\SYSTEM32\WINMM.dll
0x00007ff889160000 - 0x00007ff889169000 	C:\WINDOWS\SYSTEM32\WSOCK32.dll
0x00007ff898470000 - 0x00007ff89847a000 	C:\WINDOWS\SYSTEM32\VERSION.dll
0x00007ff8a5040000 - 0x00007ff8a50ab000 	C:\WINDOWS\System32\WS2_32.dll
0x00007ff8a0ff0000 - 0x00007ff8a1002000 	C:\WINDOWS\SYSTEM32\kernel.appcore.dll
0x00007ff87ae50000 - 0x00007ff87ae61000 	C:\Program Files\Android\Android Studio\jre\bin\verify.dll
0x00007ff8a0d10000 - 0x00007ff8a0ef4000 	C:\WINDOWS\SYSTEM32\DBGHELP.DLL
0x00007ff891c00000 - 0x00007ff891c34000 	C:\WINDOWS\SYSTEM32\dbgcore.DLL
0x00007ff8a27d0000 - 0x00007ff8a2852000 	C:\WINDOWS\System32\bcryptPrimitives.dll
0x00007ff87ae20000 - 0x00007ff87ae49000 	C:\Program Files\Android\Android Studio\jre\bin\java.dll
0x00007ff889050000 - 0x00007ff88905b000 	C:\Program Files\Android\Android Studio\jre\bin\jimage.dll
0x00007ff87ae00000 - 0x00007ff87ae18000 	C:\Program Files\Android\Android Studio\jre\bin\zip.dll
0x00007ff8a3b90000 - 0x00007ff8a42d5000 	C:\WINDOWS\System32\SHELL32.dll
0x00007ff8a04a0000 - 0x00007ff8a0c3b000 	C:\WINDOWS\SYSTEM32\windows.storage.dll
0x00007ff8a4c40000 - 0x00007ff8a4f94000 	C:\WINDOWS\System32\combase.dll
0x00007ff8a2140000 - 0x00007ff8a216e000 	C:\WINDOWS\SYSTEM32\Wldp.dll
0x00007ff8a4ac0000 - 0x00007ff8a4b6d000 	C:\WINDOWS\System32\SHCORE.dll
0x00007ff8a34d0000 - 0x00007ff8a3525000 	C:\WINDOWS\System32\shlwapi.dll
0x00007ff8a2700000 - 0x00007ff8a2725000 	C:\WINDOWS\SYSTEM32\profapi.dll
0x00007ff877dd0000 - 0x00007ff877dea000 	C:\Program Files\Android\Android Studio\jre\bin\net.dll
0x00007ff8985c0000 - 0x00007ff8986ca000 	C:\WINDOWS\SYSTEM32\WINHTTP.dll
0x00007ff8a1ea0000 - 0x00007ff8a1f0a000 	C:\WINDOWS\system32\mswsock.dll
0x00007ff877db0000 - 0x00007ff877dc4000 	C:\Program Files\Android\Android Studio\jre\bin\nio.dll
0x00007ff889480000 - 0x00007ff8894a7000 	C:\Users\Rohit yadav\.gradle\native\e1d6ef7f7dcc3fd88c89a11ec53ec762bb8ba0a96d01ffa2cd45eb1d1d8dd5c5\windows-amd64\native-platform.dll
0x00007ff871460000 - 0x00007ff8715a4000 	C:\Users\Rohit yadav\.gradle\native\0d407fdbe67a94daf76414ababcb853783967236a71b16ec16e742cd7a986fd3\windows-amd64\native-platform-file-events.dll
0x00007ff888e10000 - 0x00007ff888e1a000 	C:\Program Files\Android\Android Studio\jre\bin\management.dll
0x00007ff888a80000 - 0x00007ff888a8d000 	C:\Program Files\Android\Android Studio\jre\bin\management_ext.dll
0x00007ff8a20a0000 - 0x00007ff8a20b8000 	C:\WINDOWS\SYSTEM32\CRYPTSP.dll
0x00007ff8a17b0000 - 0x00007ff8a17e4000 	C:\WINDOWS\system32\rsaenh.dll
0x00007ff8a2a80000 - 0x00007ff8a2aa7000 	C:\WINDOWS\System32\bcrypt.dll
0x00007ff8a2680000 - 0x00007ff8a26ae000 	C:\WINDOWS\SYSTEM32\USERENV.dll
0x00007ff8a2090000 - 0x00007ff8a209c000 	C:\WINDOWS\SYSTEM32\CRYPTBASE.dll
0x00007ff8a1b90000 - 0x00007ff8a1bcb000 	C:\WINDOWS\SYSTEM32\IPHLPAPI.DLL
0x00007ff8a5030000 - 0x00007ff8a5038000 	C:\WINDOWS\System32\NSI.dll
0x00007ff898420000 - 0x00007ff898437000 	C:\WINDOWS\SYSTEM32\dhcpcsvc6.DLL
0x00007ff898510000 - 0x00007ff89852d000 	C:\WINDOWS\SYSTEM32\dhcpcsvc.DLL
0x00007ff8a1bd0000 - 0x00007ff8a1c9a000 	C:\WINDOWS\SYSTEM32\DNSAPI.dll
0x00007ff84b6c0000 - 0x00007ff84b6e7000 	C:\Program Files\Android\Android Studio\jre\bin\sunec.dll
0x00007ff899ca0000 - 0x00007ff899caa000 	C:\Windows\System32\rasadhlp.dll
0x00007ff891d20000 - 0x00007ff891da2000 	C:\WINDOWS\System32\fwpuclnt.dll
0x00007ff8a18d0000 - 0x00007ff8a1903000 	C:\WINDOWS\SYSTEM32\ntmarta.dll

dbghelp: loaded successfully - version: 4.0.5 - missing functions: none
symbol engine: initialized successfully - sym options: 0x614 - pdb path: .;C:\Program Files\Android\Android Studio\jre\bin;C:\WINDOWS\SYSTEM32;C:\WINDOWS\WinSxS\amd64_microsoft.windows.common-controls_6595b64144ccf1df_6.0.19041.1110_none_60b5254171f9507e;C:\Program Files\Android\Android Studio\jre\bin\server;C:\Users\Rohit yadav\.gradle\native\e1d6ef7f7dcc3fd88c89a11ec53ec762bb8ba0a96d01ffa2cd45eb1d1d8dd5c5\windows-amd64;C:\Users\Rohit yadav\.gradle\native\0d407fdbe67a94daf76414ababcb853783967236a71b16ec16e742cd7a986fd3\windows-amd64

VM Arguments:
jvm_args: --add-opens=java.base/java.util=ALL-UNNAMED --add-opens=java.base/java.lang=ALL-UNNAMED --add-opens=java.base/java.lang.invoke=ALL-UNNAMED --add-opens=java.base/java.util=ALL-UNNAMED --add-opens=java.prefs/java.util.prefs=ALL-UNNAMED --add-opens=java.prefs/java.util.prefs=ALL-UNNAMED --add-opens=java.base/java.nio.charset=ALL-UNNAMED --add-opens=java.base/java.net=ALL-UNNAMED --add-opens=java.base/java.util.concurrent.atomic=ALL-UNNAMED -Xmx2048m -Dfile.encoding=UTF-8 -Duser.country=IN -Duser.language=en -Duser.variant 
java_command: org.gradle.launcher.daemon.bootstrap.GradleDaemon 7.4
java_class_path (initial): C:\Users\Rohit yadav\.gradle\wrapper\dists\gradle-7.4-bin\c0gwcg53nkjbqw7r0h0umtfvt\gradle-7.4\lib\gradle-launcher-7.4.jar
Launcher Type: SUN_STANDARD

[Global flags]
     intx CICompilerCount                          = 3                                         {product} {ergonomic}
     uint ConcGCThreads                            = 1                                         {product} {ergonomic}
     uint G1ConcRefinementThreads                  = 4                                         {product} {ergonomic}
   size_t G1HeapRegionSize                         = 1048576                                   {product} {ergonomic}
    uintx GCDrainStackTargetSize                   = 64                                        {product} {ergonomic}
   size_t InitialHeapSize                          = 201326592                                 {product} {ergonomic}
   size_t MarkStackSize                            = 4194304                                   {product} {ergonomic}
   size_t MaxHeapSize                              = 2147483648                                {product} {command line}
   size_t MaxNewSize                               = 1287651328                                {product} {ergonomic}
   size_t MinHeapDeltaBytes                        = 1048576                                   {product} {ergonomic}
    uintx NonNMethodCodeHeapSize                   = 5830732                                {pd product} {ergonomic}
    uintx NonProfiledCodeHeapSize                  = 122913754                              {pd product} {ergonomic}
    uintx ProfiledCodeHeapSize                     = 122913754                              {pd product} {ergonomic}
    uintx ReservedCodeCacheSize                    = 251658240                              {pd product} {ergonomic}
     bool SegmentedCodeCache                       = true                                      {product} {ergonomic}
     bool UseCompressedClassPointers               = true                                 {lp64_product} {ergonomic}
     bool UseCompressedOops                        = true                                 {lp64_product} {ergonomic}
     bool UseG1GC                                  = true                                      {product} {ergonomic}
     bool UseLargePagesIndividualAllocation        = false                                  {pd product} {ergonomic}

Logging:
Log output configuration:
 #0: stdout all=warning uptime,level,tags
 #1: stderr all=off uptime,level,tags

Environment Variables:
PATH=C:\WINDOWS\system32;C:\WINDOWS;C:\WINDOWS\System32\Wbem;C:\WINDOWS\System32\WindowsPowerShell\v1.0\;C:\WINDOWS\System32\OpenSSH\;C:\Program Files\Java\jdk-20\bin;C:\Program Files\Git\cmd;C:\Users\Rohit yadav\AppData\Local\Microsoft\WindowsApps;;C:\Program Files\JetBrains\IntelliJ IDEA 2023.1.2\bin;;C:\Program Files\JetBrains\IntelliJ IDEA Community Edition 2023.1.2\bin;;C:\Users\Rohit yadav\AppData\Local\Programs\Microsoft VS Code\bin
USERNAME=Rohit yadav
OS=Windows_NT
PROCESSOR_IDENTIFIER=Intel64 Family 6 Model 142 Stepping 9, GenuineIntel



---------------  S Y S T E M  ---------------

OS: Windows 10 , 64 bit Build 19041 (10.0.19041.3393)
OS uptime: 9 days 12:27 hours

CPU:total 4 (initial active 4) (2 cores per cpu, 2 threads per core) family 6 model 142 stepping 9 microcode 0xf0, cmov, cx8, fxsr, mmx, sse, sse2, sse3, ssse3, sse4.1, sse4.2, popcnt, avx, avx2, aes, clmul, erms, 3dnowpref, lzcnt, ht, tsc, tscinvbit, bmi1, bmi2, adx, fma

Memory: 4k page, system-wide physical 12190M (805M free)
TotalPageFile size 25615M (AvailPageFile size 51M)
current process WorkingSet (physical memory assigned to process): 731M, peak: 737M
current process commit charge ("private bytes"): 786M, peak: 944M

vm_info: OpenJDK 64-Bit Server VM (11.0.13+0-b1751.21-8125866) for windows-amd64 JRE (11.0.13+0-b1751.21-8125866), built on Feb  2 2022 03:00:22 by "builder" with MS VC++ 14.0 (VS2015)

END.
